{"name":"hexo","hostname":"lideMacBook-Pro.local","pid":13960,"level":20,"msg":"Hexo version: \u001b[35m3.6.0\u001b[39m","time":"2020-09-16T01:36:46.161Z","v":0}
{"name":"hexo","hostname":"lideMacBook-Pro.local","pid":13960,"level":20,"msg":"Working directory: \u001b[35m~/blog/\u001b[39m","time":"2020-09-16T01:36:46.162Z","v":0}
{"name":"hexo","hostname":"lideMacBook-Pro.local","pid":13960,"level":20,"msg":"Config loaded: \u001b[35m~/blog/_config.yml\u001b[39m","time":"2020-09-16T01:36:46.282Z","v":0}
{"name":"hexo","hostname":"lideMacBook-Pro.local","pid":13960,"level":20,"msg":"Plugin loaded: \u001b[35mhexo-deployer-git\u001b[39m","time":"2020-09-16T01:36:46.327Z","v":0}
{"name":"hexo","hostname":"lideMacBook-Pro.local","pid":13960,"level":20,"msg":"Plugin loaded: \u001b[35mhexo-generator-category\u001b[39m","time":"2020-09-16T01:36:46.330Z","v":0}
{"name":"hexo","hostname":"lideMacBook-Pro.local","pid":13960,"level":20,"msg":"Plugin loaded: \u001b[35mhexo-generator-archive\u001b[39m","time":"2020-09-16T01:36:46.332Z","v":0}
{"name":"hexo","hostname":"lideMacBook-Pro.local","pid":13960,"level":20,"msg":"Plugin loaded: \u001b[35mhexo-blog-encrypt\u001b[39m","time":"2020-09-16T01:36:46.362Z","v":0}
{"name":"hexo","hostname":"lideMacBook-Pro.local","pid":13960,"level":20,"msg":"Plugin loaded: \u001b[35mhexo-generator-index\u001b[39m","time":"2020-09-16T01:36:46.364Z","v":0}
{"name":"hexo","hostname":"lideMacBook-Pro.local","pid":13960,"level":20,"msg":"Plugin loaded: \u001b[35mhexo-generator-json-content\u001b[39m","time":"2020-09-16T01:36:46.617Z","v":0}
{"name":"hexo","hostname":"lideMacBook-Pro.local","pid":13960,"level":20,"msg":"Plugin loaded: \u001b[35mhexo-renderer-ejs\u001b[39m","time":"2020-09-16T01:36:46.620Z","v":0}
{"name":"hexo","hostname":"lideMacBook-Pro.local","pid":13960,"level":20,"msg":"Plugin loaded: \u001b[35mhexo-generator-tag\u001b[39m","time":"2020-09-16T01:36:46.621Z","v":0}
{"name":"hexo","hostname":"lideMacBook-Pro.local","pid":13960,"level":20,"msg":"Plugin loaded: \u001b[35mhexo-renderer-marked\u001b[39m","time":"2020-09-16T01:36:46.626Z","v":0}
{"name":"hexo","hostname":"lideMacBook-Pro.local","pid":13960,"level":20,"msg":"Plugin loaded: \u001b[35mhexo-renderer-stylus\u001b[39m","time":"2020-09-16T01:36:46.627Z","v":0}
{"name":"hexo","hostname":"lideMacBook-Pro.local","pid":13960,"level":20,"msg":"Plugin loaded: \u001b[35mhexo-server\u001b[39m","time":"2020-09-16T01:36:46.701Z","v":0}
{"name":"hexo","hostname":"lideMacBook-Pro.local","pid":13960,"level":20,"msg":"Loading database.","time":"2020-09-16T01:36:46.703Z","v":0}
{"name":"hexo","hostname":"lideMacBook-Pro.local","pid":13960,"level":30,"msg":"Start processing","time":"2020-09-16T01:36:47.074Z","v":0}
{"name":"hexo","hostname":"lideMacBook-Pro.local","pid":13960,"level":20,"msg":"Processed: \u001b[35mCNAME\u001b[39m","time":"2020-09-16T01:36:47.133Z","v":0}
{"name":"hexo","hostname":"lideMacBook-Pro.local","pid":13960,"level":20,"msg":"Processed: \u001b[35mREADME.md\u001b[39m","time":"2020-09-16T01:36:47.133Z","v":0}
{"name":"hexo","hostname":"lideMacBook-Pro.local","pid":13960,"level":20,"msg":"Processed: \u001b[35mcategories/index.md\u001b[39m","time":"2020-09-16T01:36:47.226Z","v":0}
{"name":"hexo","hostname":"lideMacBook-Pro.local","pid":13960,"level":20,"msg":"Processed: \u001b[35m_posts/OS-X.md\u001b[39m","time":"2020-09-16T01:36:47.226Z","v":0}
{"name":"hexo","hostname":"lideMacBook-Pro.local","pid":13960,"level":20,"msg":"Processed: \u001b[35msomething/index.md\u001b[39m","time":"2020-09-16T01:36:47.226Z","v":0}
{"name":"hexo","hostname":"lideMacBook-Pro.local","pid":13960,"level":20,"msg":"Processed: \u001b[35m_posts/about-screen.md\u001b[39m","time":"2020-09-16T01:36:47.226Z","v":0}
{"name":"hexo","hostname":"lideMacBook-Pro.local","pid":13960,"level":20,"msg":"Processed: \u001b[35m_posts/alarm.md\u001b[39m","time":"2020-09-16T01:36:47.226Z","v":0}
{"name":"hexo","hostname":"lideMacBook-Pro.local","pid":13960,"level":20,"msg":"Processed: \u001b[35m_posts/adjust.md\u001b[39m","time":"2020-09-16T01:36:47.227Z","v":0}
{"name":"hexo","hostname":"lideMacBook-Pro.local","pid":13960,"level":20,"msg":"Processed: \u001b[35m_posts/alipay.md\u001b[39m","time":"2020-09-16T01:36:47.227Z","v":0}
{"name":"hexo","hostname":"lideMacBook-Pro.local","pid":13960,"level":20,"msg":"Processed: \u001b[35m_posts/amap.md\u001b[39m","time":"2020-09-16T01:36:47.227Z","v":0}
{"name":"hexo","hostname":"lideMacBook-Pro.local","pid":13960,"level":20,"msg":"Processed: \u001b[35m_posts/android-adapter.md\u001b[39m","time":"2020-09-16T01:36:47.227Z","v":0}
{"name":"hexo","hostname":"lideMacBook-Pro.local","pid":13960,"level":20,"msg":"Processed: \u001b[35m_posts/animation.md\u001b[39m","time":"2020-09-16T01:36:47.227Z","v":0}
{"name":"hexo","hostname":"lideMacBook-Pro.local","pid":13960,"level":20,"msg":"Processed: \u001b[35m_posts/android-scroll.md\u001b[39m","time":"2020-09-16T01:36:47.227Z","v":0}
{"name":"hexo","hostname":"lideMacBook-Pro.local","pid":13960,"level":20,"msg":"Processed: \u001b[35m_posts/anim.md\u001b[39m","time":"2020-09-16T01:36:47.227Z","v":0}
{"name":"hexo","hostname":"lideMacBook-Pro.local","pid":13960,"level":20,"msg":"Processed: \u001b[35m_posts/anim-continue.md\u001b[39m","time":"2020-09-16T01:36:47.227Z","v":0}
{"name":"hexo","hostname":"lideMacBook-Pro.local","pid":13960,"level":20,"msg":"Processed: \u001b[35m_posts/anr.md\u001b[39m","time":"2020-09-16T01:36:47.227Z","v":0}
{"name":"hexo","hostname":"lideMacBook-Pro.local","pid":13960,"level":20,"msg":"Processed: \u001b[35m_posts/async-task-model.md\u001b[39m","time":"2020-09-16T01:36:47.227Z","v":0}
{"name":"hexo","hostname":"lideMacBook-Pro.local","pid":13960,"level":20,"msg":"Processed: \u001b[35m_posts/baidu-loc.md\u001b[39m","time":"2020-09-16T01:36:47.227Z","v":0}
{"name":"hexo","hostname":"lideMacBook-Pro.local","pid":13960,"level":20,"msg":"Processed: \u001b[35m_posts/build-config.md\u001b[39m","time":"2020-09-16T01:36:47.227Z","v":0}
{"name":"hexo","hostname":"lideMacBook-Pro.local","pid":13960,"level":20,"msg":"Processed: \u001b[35m_posts/cat-1.md\u001b[39m","time":"2020-09-16T01:36:47.227Z","v":0}
{"name":"hexo","hostname":"lideMacBook-Pro.local","pid":13960,"level":20,"msg":"Processed: \u001b[35m_posts/cat.md\u001b[39m","time":"2020-09-16T01:36:47.227Z","v":0}
{"name":"hexo","hostname":"lideMacBook-Pro.local","pid":13960,"level":20,"msg":"Processed: \u001b[35m_posts/blog-move.md\u001b[39m","time":"2020-09-16T01:36:47.227Z","v":0}
{"name":"hexo","hostname":"lideMacBook-Pro.local","pid":13960,"level":20,"msg":"Processed: \u001b[35m_posts/blur.md\u001b[39m","time":"2020-09-16T01:36:47.227Z","v":0}
{"name":"hexo","hostname":"lideMacBook-Pro.local","pid":13960,"level":20,"msg":"Processed: \u001b[35m_posts/change-title.md\u001b[39m","time":"2020-09-16T01:36:47.227Z","v":0}
{"name":"hexo","hostname":"lideMacBook-Pro.local","pid":13960,"level":20,"msg":"Processed: \u001b[35m_posts/charles.md\u001b[39m","time":"2020-09-16T01:36:47.227Z","v":0}
{"name":"hexo","hostname":"lideMacBook-Pro.local","pid":13960,"level":20,"msg":"Processed: \u001b[35m_posts/china-map.md\u001b[39m","time":"2020-09-16T01:36:47.227Z","v":0}
{"name":"hexo","hostname":"lideMacBook-Pro.local","pid":13960,"level":20,"msg":"Processed: \u001b[35m_posts/cl-2.md\u001b[39m","time":"2020-09-16T01:36:47.228Z","v":0}
{"name":"hexo","hostname":"lideMacBook-Pro.local","pid":13960,"level":20,"msg":"Processed: \u001b[35m_posts/cl.md\u001b[39m","time":"2020-09-16T01:36:47.228Z","v":0}
{"name":"hexo","hostname":"lideMacBook-Pro.local","pid":13960,"level":20,"msg":"Processed: \u001b[35m_posts/classloader.md\u001b[39m","time":"2020-09-16T01:36:47.228Z","v":0}
{"name":"hexo","hostname":"lideMacBook-Pro.local","pid":13960,"level":20,"msg":"Processed: \u001b[35m_posts/code-copy.md\u001b[39m","time":"2020-09-16T01:36:47.228Z","v":0}
{"name":"hexo","hostname":"lideMacBook-Pro.local","pid":13960,"level":20,"msg":"Processed: \u001b[35m_posts/comparator.md\u001b[39m","time":"2020-09-16T01:36:47.228Z","v":0}
{"name":"hexo","hostname":"lideMacBook-Pro.local","pid":13960,"level":20,"msg":"Processed: \u001b[35m_posts/confuse.md\u001b[39m","time":"2020-09-16T01:36:47.228Z","v":0}
{"name":"hexo","hostname":"lideMacBook-Pro.local","pid":13960,"level":20,"msg":"Processed: \u001b[35m_posts/constraint.md\u001b[39m","time":"2020-09-16T01:36:47.228Z","v":0}
{"name":"hexo","hostname":"lideMacBook-Pro.local","pid":13960,"level":20,"msg":"Processed: \u001b[35m_posts/coordinatorlayout.md\u001b[39m","time":"2020-09-16T01:36:47.228Z","v":0}
{"name":"hexo","hostname":"lideMacBook-Pro.local","pid":13960,"level":20,"msg":"Processed: \u001b[35m_posts/cross-platform.md\u001b[39m","time":"2020-09-16T01:36:47.228Z","v":0}
{"name":"hexo","hostname":"lideMacBook-Pro.local","pid":13960,"level":20,"msg":"Processed: \u001b[35m_posts/custom-attr.md\u001b[39m","time":"2020-09-16T01:36:47.228Z","v":0}
{"name":"hexo","hostname":"lideMacBook-Pro.local","pid":13960,"level":20,"msg":"Processed: \u001b[35m_posts/dashboard.md\u001b[39m","time":"2020-09-16T01:36:47.228Z","v":0}
{"name":"hexo","hostname":"lideMacBook-Pro.local","pid":13960,"level":20,"msg":"Processed: \u001b[35m_posts/ddms-logcat.md\u001b[39m","time":"2020-09-16T01:36:47.228Z","v":0}
{"name":"hexo","hostname":"lideMacBook-Pro.local","pid":13960,"level":20,"msg":"Processed: \u001b[35m_posts/coordinator-1.md\u001b[39m","time":"2020-09-16T01:36:47.228Z","v":0}
{"name":"hexo","hostname":"lideMacBook-Pro.local","pid":13960,"level":20,"msg":"Processed: \u001b[35m_posts/device.md\u001b[39m","time":"2020-09-16T01:36:47.228Z","v":0}
{"name":"hexo","hostname":"lideMacBook-Pro.local","pid":13960,"level":20,"msg":"Processed: \u001b[35m_posts/domain.md\u001b[39m","time":"2020-09-16T01:36:47.228Z","v":0}
{"name":"hexo","hostname":"lideMacBook-Pro.local","pid":13960,"level":20,"msg":"Processed: \u001b[35m_posts/feeling.md\u001b[39m","time":"2020-09-16T01:36:47.228Z","v":0}
{"name":"hexo","hostname":"lideMacBook-Pro.local","pid":13960,"level":20,"msg":"Processed: \u001b[35m_posts/fragment.md\u001b[39m","time":"2020-09-16T01:36:47.228Z","v":0}
{"name":"hexo","hostname":"lideMacBook-Pro.local","pid":13960,"level":20,"msg":"Processed: \u001b[35m_posts/genymotion.md\u001b[39m","time":"2020-09-16T01:36:47.228Z","v":0}
{"name":"hexo","hostname":"lideMacBook-Pro.local","pid":13960,"level":20,"msg":"Processed: \u001b[35m_posts/enter-oc.md\u001b[39m","time":"2020-09-16T01:36:47.228Z","v":0}
{"name":"hexo","hostname":"lideMacBook-Pro.local","pid":13960,"level":20,"msg":"Processed: \u001b[35m_posts/git-quesition.md\u001b[39m","time":"2020-09-16T01:36:47.228Z","v":0}
{"name":"hexo","hostname":"lideMacBook-Pro.local","pid":13960,"level":20,"msg":"Processed: \u001b[35m_posts/git.md\u001b[39m","time":"2020-09-16T01:36:47.228Z","v":0}
{"name":"hexo","hostname":"lideMacBook-Pro.local","pid":13960,"level":20,"msg":"Processed: \u001b[35m_posts/geek.md\u001b[39m","time":"2020-09-16T01:36:47.229Z","v":0}
{"name":"hexo","hostname":"lideMacBook-Pro.local","pid":13960,"level":20,"msg":"Processed: \u001b[35m_posts/github-star.md\u001b[39m","time":"2020-09-16T01:36:47.229Z","v":0}
{"name":"hexo","hostname":"lideMacBook-Pro.local","pid":13960,"level":20,"msg":"Processed: \u001b[35m_posts/gradle-app.md\u001b[39m","time":"2020-09-16T01:36:47.229Z","v":0}
{"name":"hexo","hostname":"lideMacBook-Pro.local","pid":13960,"level":20,"msg":"Processed: \u001b[35m_posts/gradle-pack.md\u001b[39m","time":"2020-09-16T01:36:47.229Z","v":0}
{"name":"hexo","hostname":"lideMacBook-Pro.local","pid":13960,"level":20,"msg":"Processed: \u001b[35m_posts/h5.md\u001b[39m","time":"2020-09-16T01:36:47.229Z","v":0}
{"name":"hexo","hostname":"lideMacBook-Pro.local","pid":13960,"level":20,"msg":"Processed: \u001b[35m_posts/handlerthread.md\u001b[39m","time":"2020-09-16T01:36:47.229Z","v":0}
{"name":"hexo","hostname":"lideMacBook-Pro.local","pid":13960,"level":20,"msg":"Processed: \u001b[35m_posts/hashset.md\u001b[39m","time":"2020-09-16T01:36:47.229Z","v":0}
{"name":"hexo","hostname":"lideMacBook-Pro.local","pid":13960,"level":20,"msg":"Processed: \u001b[35m_posts/gradle-app-2.md\u001b[39m","time":"2020-09-16T01:36:47.229Z","v":0}
{"name":"hexo","hostname":"lideMacBook-Pro.local","pid":13960,"level":20,"msg":"Processed: \u001b[35m_posts/hexo-blog.md\u001b[39m","time":"2020-09-16T01:36:47.229Z","v":0}
{"name":"hexo","hostname":"lideMacBook-Pro.local","pid":13960,"level":20,"msg":"Processed: \u001b[35m_posts/hexo-tips.md\u001b[39m","time":"2020-09-16T01:36:47.229Z","v":0}
{"name":"hexo","hostname":"lideMacBook-Pro.local","pid":13960,"level":20,"msg":"Processed: \u001b[35m_posts/hexo-tools.md\u001b[39m","time":"2020-09-16T01:36:47.229Z","v":0}
{"name":"hexo","hostname":"lideMacBook-Pro.local","pid":13960,"level":20,"msg":"Processed: \u001b[35m_posts/hybrid-introduction.md\u001b[39m","time":"2020-09-16T01:36:47.229Z","v":0}
{"name":"hexo","hostname":"lideMacBook-Pro.local","pid":13960,"level":20,"msg":"Processed: \u001b[35m_posts/interview.md\u001b[39m","time":"2020-09-16T01:36:47.229Z","v":0}
{"name":"hexo","hostname":"lideMacBook-Pro.local","pid":13960,"level":20,"msg":"Processed: \u001b[35m_posts/ios-tips.md\u001b[39m","time":"2020-09-16T01:36:47.229Z","v":0}
{"name":"hexo","hostname":"lideMacBook-Pro.local","pid":13960,"level":20,"msg":"Processed: \u001b[35m_posts/ios.md\u001b[39m","time":"2020-09-16T01:36:47.229Z","v":0}
{"name":"hexo","hostname":"lideMacBook-Pro.local","pid":13960,"level":20,"msg":"Processed: \u001b[35m_posts/java-set.md\u001b[39m","time":"2020-09-16T01:36:47.229Z","v":0}
{"name":"hexo","hostname":"lideMacBook-Pro.local","pid":13960,"level":20,"msg":"Processed: \u001b[35m_posts/jetpack.md\u001b[39m","time":"2020-09-16T01:36:47.229Z","v":0}
{"name":"hexo","hostname":"lideMacBook-Pro.local","pid":13960,"level":20,"msg":"Processed: \u001b[35m_posts/hybrid-practice.md\u001b[39m","time":"2020-09-16T01:36:47.229Z","v":0}
{"name":"hexo","hostname":"lideMacBook-Pro.local","pid":13960,"level":20,"msg":"Processed: \u001b[35m_posts/jcenter.md\u001b[39m","time":"2020-09-16T01:36:47.229Z","v":0}
{"name":"hexo","hostname":"lideMacBook-Pro.local","pid":13960,"level":20,"msg":"Processed: \u001b[35m_posts/jpush.md\u001b[39m","time":"2020-09-16T01:36:47.229Z","v":0}
{"name":"hexo","hostname":"lideMacBook-Pro.local","pid":13960,"level":20,"msg":"Processed: \u001b[35m_posts/keep-alive.md\u001b[39m","time":"2020-09-16T01:36:47.229Z","v":0}
{"name":"hexo","hostname":"lideMacBook-Pro.local","pid":13960,"level":20,"msg":"Processed: \u001b[35m_posts/keepalive.md\u001b[39m","time":"2020-09-16T01:36:47.229Z","v":0}
{"name":"hexo","hostname":"lideMacBook-Pro.local","pid":13960,"level":20,"msg":"Processed: \u001b[35m_posts/kotlin-code.md\u001b[39m","time":"2020-09-16T01:36:47.230Z","v":0}
{"name":"hexo","hostname":"lideMacBook-Pro.local","pid":13960,"level":20,"msg":"Processed: \u001b[35m_posts/kotlin-question.md\u001b[39m","time":"2020-09-16T01:36:47.230Z","v":0}
{"name":"hexo","hostname":"lideMacBook-Pro.local","pid":13960,"level":20,"msg":"Processed: \u001b[35m_posts/kotlin-question2.md\u001b[39m","time":"2020-09-16T01:36:47.230Z","v":0}
{"name":"hexo","hostname":"lideMacBook-Pro.local","pid":13960,"level":20,"msg":"Processed: \u001b[35m_posts/kotlin-question3.md\u001b[39m","time":"2020-09-16T01:36:47.230Z","v":0}
{"name":"hexo","hostname":"lideMacBook-Pro.local","pid":13960,"level":20,"msg":"Processed: \u001b[35m_posts/live-audio.md\u001b[39m","time":"2020-09-16T01:36:47.230Z","v":0}
{"name":"hexo","hostname":"lideMacBook-Pro.local","pid":13960,"level":20,"msg":"Processed: \u001b[35m_posts/kotlin-config.md\u001b[39m","time":"2020-09-16T01:36:47.230Z","v":0}
{"name":"hexo","hostname":"lideMacBook-Pro.local","pid":13960,"level":20,"msg":"Processed: \u001b[35m_posts/live-code-video.md\u001b[39m","time":"2020-09-16T01:36:47.230Z","v":0}
{"name":"hexo","hostname":"lideMacBook-Pro.local","pid":13960,"level":20,"msg":"Processed: \u001b[35m_posts/live.md\u001b[39m","time":"2020-09-16T01:36:47.230Z","v":0}
{"name":"hexo","hostname":"lideMacBook-Pro.local","pid":13960,"level":20,"msg":"Processed: \u001b[35m_posts/live-capture-video.md\u001b[39m","time":"2020-09-16T01:36:47.230Z","v":0}
{"name":"hexo","hostname":"lideMacBook-Pro.local","pid":13960,"level":20,"msg":"Processed: \u001b[35m_posts/long-time-no-see.md\u001b[39m","time":"2020-09-16T01:36:47.230Z","v":0}
{"name":"hexo","hostname":"lideMacBook-Pro.local","pid":13960,"level":20,"msg":"Processed: \u001b[35m_posts/livedata.md\u001b[39m","time":"2020-09-16T01:36:47.230Z","v":0}
{"name":"hexo","hostname":"lideMacBook-Pro.local","pid":13960,"level":20,"msg":"Processed: \u001b[35m_posts/make-wheel.md\u001b[39m","time":"2020-09-16T01:36:47.230Z","v":0}
{"name":"hexo","hostname":"lideMacBook-Pro.local","pid":13960,"level":20,"msg":"Processed: \u001b[35m_posts/material-design.md\u001b[39m","time":"2020-09-16T01:36:47.230Z","v":0}
{"name":"hexo","hostname":"lideMacBook-Pro.local","pid":13960,"level":20,"msg":"Processed: \u001b[35m_posts/media-mix2.md\u001b[39m","time":"2020-09-16T01:36:47.230Z","v":0}
{"name":"hexo","hostname":"lideMacBook-Pro.local","pid":13960,"level":20,"msg":"Processed: \u001b[35m_posts/media.md\u001b[39m","time":"2020-09-16T01:36:47.230Z","v":0}
{"name":"hexo","hostname":"lideMacBook-Pro.local","pid":13960,"level":20,"msg":"Processed: \u001b[35m_posts/multi-form.md\u001b[39m","time":"2020-09-16T01:36:47.230Z","v":0}
{"name":"hexo","hostname":"lideMacBook-Pro.local","pid":13960,"level":20,"msg":"Processed: \u001b[35m_posts/multi-pc.md\u001b[39m","time":"2020-09-16T01:36:47.230Z","v":0}
{"name":"hexo","hostname":"lideMacBook-Pro.local","pid":13960,"level":20,"msg":"Processed: \u001b[35m_posts/multi-type.md\u001b[39m","time":"2020-09-16T01:36:47.230Z","v":0}
{"name":"hexo","hostname":"lideMacBook-Pro.local","pid":13960,"level":20,"msg":"Processed: \u001b[35m_posts/media-mix.md\u001b[39m","time":"2020-09-16T01:36:47.230Z","v":0}
{"name":"hexo","hostname":"lideMacBook-Pro.local","pid":13960,"level":20,"msg":"Processed: \u001b[35m_posts/mvp-1.md\u001b[39m","time":"2020-09-16T01:36:47.230Z","v":0}
{"name":"hexo","hostname":"lideMacBook-Pro.local","pid":13960,"level":20,"msg":"Processed: \u001b[35m_posts/mvp-2.md\u001b[39m","time":"2020-09-16T01:36:47.230Z","v":0}
{"name":"hexo","hostname":"lideMacBook-Pro.local","pid":13960,"level":20,"msg":"Processed: \u001b[35m_posts/mvp.md\u001b[39m","time":"2020-09-16T01:36:47.231Z","v":0}
{"name":"hexo","hostname":"lideMacBook-Pro.local","pid":13960,"level":20,"msg":"Processed: \u001b[35m_posts/new-seekbar.md\u001b[39m","time":"2020-09-16T01:36:47.231Z","v":0}
{"name":"hexo","hostname":"lideMacBook-Pro.local","pid":13960,"level":20,"msg":"Processed: \u001b[35m_posts/nine-patch.md\u001b[39m","time":"2020-09-16T01:36:47.231Z","v":0}
{"name":"hexo","hostname":"lideMacBook-Pro.local","pid":13960,"level":20,"msg":"Processed: \u001b[35m_posts/no-password.md\u001b[39m","time":"2020-09-16T01:36:47.231Z","v":0}
{"name":"hexo","hostname":"lideMacBook-Pro.local","pid":13960,"level":20,"msg":"Processed: \u001b[35m_posts/october.md\u001b[39m","time":"2020-09-16T01:36:47.231Z","v":0}
{"name":"hexo","hostname":"lideMacBook-Pro.local","pid":13960,"level":20,"msg":"Processed: \u001b[35m_posts/notification.md\u001b[39m","time":"2020-09-16T01:36:47.231Z","v":0}
{"name":"hexo","hostname":"lideMacBook-Pro.local","pid":13960,"level":20,"msg":"Processed: \u001b[35m_posts/phone-adapt.md\u001b[39m","time":"2020-09-16T01:36:47.231Z","v":0}
{"name":"hexo","hostname":"lideMacBook-Pro.local","pid":13960,"level":20,"msg":"Processed: \u001b[35m_posts/photo-wall.md\u001b[39m","time":"2020-09-16T01:36:47.231Z","v":0}
{"name":"hexo","hostname":"lideMacBook-Pro.local","pid":13960,"level":20,"msg":"Processed: \u001b[35m_posts/picture-view.md\u001b[39m","time":"2020-09-16T01:36:47.231Z","v":0}
{"name":"hexo","hostname":"lideMacBook-Pro.local","pid":13960,"level":20,"msg":"Processed: \u001b[35m_posts/popupwindow.md\u001b[39m","time":"2020-09-16T01:36:47.231Z","v":0}
{"name":"hexo","hostname":"lideMacBook-Pro.local","pid":13960,"level":20,"msg":"Processed: \u001b[35m_posts/practical-cmd.md\u001b[39m","time":"2020-09-16T01:36:47.231Z","v":0}
{"name":"hexo","hostname":"lideMacBook-Pro.local","pid":13960,"level":20,"msg":"Processed: \u001b[35m_posts/presentation.md\u001b[39m","time":"2020-09-16T01:36:47.231Z","v":0}
{"name":"hexo","hostname":"lideMacBook-Pro.local","pid":13960,"level":20,"msg":"Processed: \u001b[35m_posts/react-native-tips.md\u001b[39m","time":"2020-09-16T01:36:47.231Z","v":0}
{"name":"hexo","hostname":"lideMacBook-Pro.local","pid":13960,"level":20,"msg":"Processed: \u001b[35m_posts/python-1.md\u001b[39m","time":"2020-09-16T01:36:47.231Z","v":0}
{"name":"hexo","hostname":"lideMacBook-Pro.local","pid":13960,"level":20,"msg":"Processed: \u001b[35m_posts/react-native.md\u001b[39m","time":"2020-09-16T01:36:47.231Z","v":0}
{"name":"hexo","hostname":"lideMacBook-Pro.local","pid":13960,"level":20,"msg":"Processed: \u001b[35m_posts/recyclerview-scroll.md\u001b[39m","time":"2020-09-16T01:36:47.231Z","v":0}
{"name":"hexo","hostname":"lideMacBook-Pro.local","pid":13960,"level":20,"msg":"Processed: \u001b[35m_posts/refactor.md\u001b[39m","time":"2020-09-16T01:36:47.231Z","v":0}
{"name":"hexo","hostname":"lideMacBook-Pro.local","pid":13960,"level":20,"msg":"Processed: \u001b[35m_posts/reflect-interface.md\u001b[39m","time":"2020-09-16T01:36:47.231Z","v":0}
{"name":"hexo","hostname":"lideMacBook-Pro.local","pid":13960,"level":20,"msg":"Processed: \u001b[35m_posts/retrofit.md\u001b[39m","time":"2020-09-16T01:36:47.231Z","v":0}
{"name":"hexo","hostname":"lideMacBook-Pro.local","pid":13960,"level":20,"msg":"Processed: \u001b[35m_posts/refresh-listview.md\u001b[39m","time":"2020-09-16T01:36:47.231Z","v":0}
{"name":"hexo","hostname":"lideMacBook-Pro.local","pid":13960,"level":20,"msg":"Processed: \u001b[35m_posts/retrofit-code.md\u001b[39m","time":"2020-09-16T01:36:47.231Z","v":0}
{"name":"hexo","hostname":"lideMacBook-Pro.local","pid":13960,"level":20,"msg":"Processed: \u001b[35m_posts/screen-record.md\u001b[39m","time":"2020-09-16T01:36:47.232Z","v":0}
{"name":"hexo","hostname":"lideMacBook-Pro.local","pid":13960,"level":20,"msg":"Processed: \u001b[35m_posts/scroll.md\u001b[39m","time":"2020-09-16T01:36:47.232Z","v":0}
{"name":"hexo","hostname":"lideMacBook-Pro.local","pid":13960,"level":20,"msg":"Processed: \u001b[35m_posts/seekbar.md\u001b[39m","time":"2020-09-16T01:36:47.232Z","v":0}
{"name":"hexo","hostname":"lideMacBook-Pro.local","pid":13960,"level":20,"msg":"Processed: \u001b[35m_posts/shape.md\u001b[39m","time":"2020-09-16T01:36:47.232Z","v":0}
{"name":"hexo","hostname":"lideMacBook-Pro.local","pid":13960,"level":20,"msg":"Processed: \u001b[35m_posts/scroll-1.md\u001b[39m","time":"2020-09-16T01:36:47.232Z","v":0}
{"name":"hexo","hostname":"lideMacBook-Pro.local","pid":13960,"level":20,"msg":"Processed: \u001b[35m_posts/single-thread-queue.md\u001b[39m","time":"2020-09-16T01:36:47.232Z","v":0}
{"name":"hexo","hostname":"lideMacBook-Pro.local","pid":13960,"level":20,"msg":"Processed: \u001b[35m_posts/small-tips.md\u001b[39m","time":"2020-09-16T01:36:47.232Z","v":0}
{"name":"hexo","hostname":"lideMacBook-Pro.local","pid":13960,"level":20,"msg":"Processed: \u001b[35m_posts/serial-port.md\u001b[39m","time":"2020-09-16T01:36:47.232Z","v":0}
{"name":"hexo","hostname":"lideMacBook-Pro.local","pid":13960,"level":20,"msg":"Processed: \u001b[35m_posts/socket.md\u001b[39m","time":"2020-09-16T01:36:47.232Z","v":0}
{"name":"hexo","hostname":"lideMacBook-Pro.local","pid":13960,"level":20,"msg":"Processed: \u001b[35m_posts/start-for-result.md\u001b[39m","time":"2020-09-16T01:36:47.232Z","v":0}
{"name":"hexo","hostname":"lideMacBook-Pro.local","pid":13960,"level":20,"msg":"Processed: \u001b[35m_posts/sticky-header.md\u001b[39m","time":"2020-09-16T01:36:47.232Z","v":0}
{"name":"hexo","hostname":"lideMacBook-Pro.local","pid":13960,"level":20,"msg":"Processed: \u001b[35m_posts/summary-2017.md\u001b[39m","time":"2020-09-16T01:36:47.232Z","v":0}
{"name":"hexo","hostname":"lideMacBook-Pro.local","pid":13960,"level":20,"msg":"Processed: \u001b[35m_posts/summary-2019.md\u001b[39m","time":"2020-09-16T01:36:47.232Z","v":0}
{"name":"hexo","hostname":"lideMacBook-Pro.local","pid":13960,"level":20,"msg":"Processed: \u001b[35m_posts/summary.md\u001b[39m","time":"2020-09-16T01:36:47.232Z","v":0}
{"name":"hexo","hostname":"lideMacBook-Pro.local","pid":13960,"level":20,"msg":"Processed: \u001b[35m_posts/support-version.md\u001b[39m","time":"2020-09-16T01:36:47.232Z","v":0}
{"name":"hexo","hostname":"lideMacBook-Pro.local","pid":13960,"level":20,"msg":"Processed: \u001b[35m_posts/svg.md\u001b[39m","time":"2020-09-16T01:36:47.232Z","v":0}
{"name":"hexo","hostname":"lideMacBook-Pro.local","pid":13960,"level":20,"msg":"Processed: \u001b[35m_posts/system-ui.md\u001b[39m","time":"2020-09-16T01:36:47.232Z","v":0}
{"name":"hexo","hostname":"lideMacBook-Pro.local","pid":13960,"level":20,"msg":"Processed: \u001b[35m_posts/statusbar.md\u001b[39m","time":"2020-09-16T01:36:47.232Z","v":0}
{"name":"hexo","hostname":"lideMacBook-Pro.local","pid":13960,"level":20,"msg":"Processed: \u001b[35m_posts/swipe-listview.md\u001b[39m","time":"2020-09-16T01:36:47.232Z","v":0}
{"name":"hexo","hostname":"lideMacBook-Pro.local","pid":13960,"level":20,"msg":"Processed: \u001b[35m_posts/talk.md\u001b[39m","time":"2020-09-16T01:36:47.233Z","v":0}
{"name":"hexo","hostname":"lideMacBook-Pro.local","pid":13960,"level":20,"msg":"Processed: \u001b[35m_posts/task-queue.md\u001b[39m","time":"2020-09-16T01:36:47.233Z","v":0}
{"name":"hexo","hostname":"lideMacBook-Pro.local","pid":13960,"level":20,"msg":"Processed: \u001b[35m_posts/telecom.md\u001b[39m","time":"2020-09-16T01:36:47.233Z","v":0}
{"name":"hexo","hostname":"lideMacBook-Pro.local","pid":13960,"level":20,"msg":"Processed: \u001b[35m_posts/textview-suffix.md\u001b[39m","time":"2020-09-16T01:36:47.233Z","v":0}
{"name":"hexo","hostname":"lideMacBook-Pro.local","pid":13960,"level":20,"msg":"Processed: \u001b[35m_posts/textview.md\u001b[39m","time":"2020-09-16T01:36:47.233Z","v":0}
{"name":"hexo","hostname":"lideMacBook-Pro.local","pid":13960,"level":20,"msg":"Processed: \u001b[35m_posts/theme-update.md\u001b[39m","time":"2020-09-16T01:36:47.233Z","v":0}
{"name":"hexo","hostname":"lideMacBook-Pro.local","pid":13960,"level":20,"msg":"Processed: \u001b[35m_posts/tips.md\u001b[39m","time":"2020-09-16T01:36:47.233Z","v":0}
{"name":"hexo","hostname":"lideMacBook-Pro.local","pid":13960,"level":20,"msg":"Processed: \u001b[35m_posts/touch-event.md\u001b[39m","time":"2020-09-16T01:36:47.233Z","v":0}
{"name":"hexo","hostname":"lideMacBook-Pro.local","pid":13960,"level":20,"msg":"Processed: \u001b[35m_posts/touchevent.md\u001b[39m","time":"2020-09-16T01:36:47.233Z","v":0}
{"name":"hexo","hostname":"lideMacBook-Pro.local","pid":13960,"level":20,"msg":"Processed: \u001b[35m_posts/translucent-view.md\u001b[39m","time":"2020-09-16T01:36:47.233Z","v":0}
{"name":"hexo","hostname":"lideMacBook-Pro.local","pid":13960,"level":20,"msg":"Processed: \u001b[35m_posts/uml.md\u001b[39m","time":"2020-09-16T01:36:47.233Z","v":0}
{"name":"hexo","hostname":"lideMacBook-Pro.local","pid":13960,"level":20,"msg":"Processed: \u001b[35m_posts/video-view.md\u001b[39m","time":"2020-09-16T01:36:47.233Z","v":0}
{"name":"hexo","hostname":"lideMacBook-Pro.local","pid":13960,"level":20,"msg":"Processed: \u001b[35m_posts/viewpager-1.md\u001b[39m","time":"2020-09-16T01:36:47.233Z","v":0}
{"name":"hexo","hostname":"lideMacBook-Pro.local","pid":13960,"level":20,"msg":"Processed: \u001b[35m_posts/viewpager.md\u001b[39m","time":"2020-09-16T01:36:47.233Z","v":0}
{"name":"hexo","hostname":"lideMacBook-Pro.local","pid":13960,"level":20,"msg":"Processed: \u001b[35m_posts/viewbinding.md\u001b[39m","time":"2020-09-16T01:36:47.233Z","v":0}
{"name":"hexo","hostname":"lideMacBook-Pro.local","pid":13960,"level":20,"msg":"Processed: \u001b[35m_posts/wechat-tip.md\u001b[39m","time":"2020-09-16T01:36:47.233Z","v":0}
{"name":"hexo","hostname":"lideMacBook-Pro.local","pid":13960,"level":20,"msg":"Processed: \u001b[35m_posts/wechat-sdk.md\u001b[39m","time":"2020-09-16T01:36:47.233Z","v":0}
{"name":"hexo","hostname":"lideMacBook-Pro.local","pid":13960,"level":20,"msg":"Processed: \u001b[35m_posts/xcode.md\u001b[39m","time":"2020-09-16T01:36:47.233Z","v":0}
{"name":"hexo","hostname":"lideMacBook-Pro.local","pid":13960,"level":20,"msg":"Processed: \u001b[35m_posts/wrong.md\u001b[39m","time":"2020-09-16T01:36:47.233Z","v":0}
{"name":"hexo","hostname":"lideMacBook-Pro.local","pid":13960,"level":20,"msg":"Processed: \u001b[35m_posts/xunfei.md\u001b[39m","time":"2020-09-16T01:36:47.233Z","v":0}
{"name":"hexo","hostname":"lideMacBook-Pro.local","pid":13960,"level":20,"msg":"Processed: \u001b[35m_posts/zsh.md\u001b[39m","time":"2020-09-16T01:36:47.234Z","v":0}
{"name":"hexo","hostname":"lideMacBook-Pro.local","pid":13960,"level":20,"msg":"Processed: \u001b[35mtags/index.md\u001b[39m","time":"2020-09-16T01:36:47.234Z","v":0}
{"name":"hexo","hostname":"lideMacBook-Pro.local","pid":13960,"level":20,"msg":"Processed: \u001b[35msource/avatar.jpg\u001b[39m","time":"2020-09-16T01:36:47.236Z","v":0}
{"name":"hexo","hostname":"lideMacBook-Pro.local","pid":13960,"level":20,"msg":"Processed: \u001b[35msource/favicon.png\u001b[39m","time":"2020-09-16T01:36:47.236Z","v":0}
{"name":"hexo","hostname":"lideMacBook-Pro.local","pid":13960,"level":20,"msg":"Processed: \u001b[35msource/main.2d7529.css\u001b[39m","time":"2020-09-16T01:36:47.236Z","v":0}
{"name":"hexo","hostname":"lideMacBook-Pro.local","pid":13960,"level":20,"msg":"Processed: \u001b[35msource/slider.885efe.js\u001b[39m","time":"2020-09-16T01:36:47.236Z","v":0}
{"name":"hexo","hostname":"lideMacBook-Pro.local","pid":13960,"level":20,"msg":"Processed: \u001b[35msource/mobile.d238ee.js\u001b[39m","time":"2020-09-16T01:36:47.237Z","v":0}
{"name":"hexo","hostname":"lideMacBook-Pro.local","pid":13960,"level":20,"msg":"Processed: \u001b[35msource/main.2d7529.js\u001b[39m","time":"2020-09-16T01:36:47.246Z","v":0}
{"name":"hexo","hostname":"lideMacBook-Pro.local","pid":13960,"level":20,"msg":"Theme config loaded.","time":"2020-09-16T01:36:47.258Z","v":0}
{"name":"hexo","hostname":"lideMacBook-Pro.local","pid":13960,"level":20,"msg":"Processed: \u001b[35m_config.yml\u001b[39m","time":"2020-09-16T01:36:47.260Z","v":0}
{"name":"hexo","hostname":"lideMacBook-Pro.local","pid":13960,"level":20,"msg":"Processed: \u001b[35msource/fonts/default-skin.b257fa.svg\u001b[39m","time":"2020-09-16T01:36:47.260Z","v":0}
{"name":"hexo","hostname":"lideMacBook-Pro.local","pid":13960,"level":20,"msg":"Processed: \u001b[35msource/fonts/iconfont.ca3627.woff\u001b[39m","time":"2020-09-16T01:36:47.260Z","v":0}
{"name":"hexo","hostname":"lideMacBook-Pro.local","pid":13960,"level":20,"msg":"Processed: \u001b[35msource/fonts/tooltip.4004ff.svg\u001b[39m","time":"2020-09-16T01:36:47.260Z","v":0}
{"name":"hexo","hostname":"lideMacBook-Pro.local","pid":13960,"level":20,"msg":"Processed: \u001b[35msource/fonts/iconfont.59e68b.eot\u001b[39m","time":"2020-09-16T01:36:47.261Z","v":0}
{"name":"hexo","hostname":"lideMacBook-Pro.local","pid":13960,"level":20,"msg":"Processed: \u001b[35msource/fonts/iconfont.b7ae25.ttf\u001b[39m","time":"2020-09-16T01:36:47.261Z","v":0}
{"name":"hexo","hostname":"lideMacBook-Pro.local","pid":13960,"level":20,"msg":"Processed: \u001b[35msource/img/scrollbar_arrow.png\u001b[39m","time":"2020-09-16T01:36:47.261Z","v":0}
{"name":"hexo","hostname":"lideMacBook-Pro.local","pid":13960,"level":20,"msg":"Processed: \u001b[35msource/fonts/iconfont.dba24b.svg\u001b[39m","time":"2020-09-16T01:36:47.261Z","v":0}
{"name":"hexo","hostname":"lideMacBook-Pro.local","pid":13960,"level":20,"msg":"Processed: \u001b[35msource/img/default-skin.png\u001b[39m","time":"2020-09-16T01:36:47.261Z","v":0}
{"name":"hexo","hostname":"lideMacBook-Pro.local","pid":13960,"level":20,"msg":"Processed: \u001b[35msource/img/preloader.gif\u001b[39m","time":"2020-09-16T01:36:47.261Z","v":0}
{"name":"hexo","hostname":"lideMacBook-Pro.local","pid":13960,"level":20,"msg":"Processed: \u001b[35mlayout/archive.ejs\u001b[39m","time":"2020-09-16T01:36:47.274Z","v":0}
{"name":"hexo","hostname":"lideMacBook-Pro.local","pid":13960,"level":20,"msg":"Processed: \u001b[35mlayout/index.ejs\u001b[39m","time":"2020-09-16T01:36:47.274Z","v":0}
{"name":"hexo","hostname":"lideMacBook-Pro.local","pid":13960,"level":20,"msg":"Processed: \u001b[35mlayout/category.ejs\u001b[39m","time":"2020-09-16T01:36:47.274Z","v":0}
{"name":"hexo","hostname":"lideMacBook-Pro.local","pid":13960,"level":20,"msg":"Processed: \u001b[35mlayout/layout.ejs\u001b[39m","time":"2020-09-16T01:36:47.274Z","v":0}
{"name":"hexo","hostname":"lideMacBook-Pro.local","pid":13960,"level":20,"msg":"Processed: \u001b[35mlayout/page.ejs\u001b[39m","time":"2020-09-16T01:36:47.274Z","v":0}
{"name":"hexo","hostname":"lideMacBook-Pro.local","pid":13960,"level":20,"msg":"Processed: \u001b[35mlayout/tag.ejs\u001b[39m","time":"2020-09-16T01:36:47.275Z","v":0}
{"name":"hexo","hostname":"lideMacBook-Pro.local","pid":13960,"level":20,"msg":"Processed: \u001b[35mlayout/post.ejs\u001b[39m","time":"2020-09-16T01:36:47.275Z","v":0}
{"name":"hexo","hostname":"lideMacBook-Pro.local","pid":13960,"level":20,"msg":"Processed: \u001b[35mlanguages/default.yml\u001b[39m","time":"2020-09-16T01:36:47.276Z","v":0}
{"name":"hexo","hostname":"lideMacBook-Pro.local","pid":13960,"level":20,"msg":"Processed: \u001b[35mlanguages/fr.yml\u001b[39m","time":"2020-09-16T01:36:47.276Z","v":0}
{"name":"hexo","hostname":"lideMacBook-Pro.local","pid":13960,"level":20,"msg":"Processed: \u001b[35mlanguages/nl.yml\u001b[39m","time":"2020-09-16T01:36:47.276Z","v":0}
{"name":"hexo","hostname":"lideMacBook-Pro.local","pid":13960,"level":20,"msg":"Processed: \u001b[35mlanguages/no.yml\u001b[39m","time":"2020-09-16T01:36:47.276Z","v":0}
{"name":"hexo","hostname":"lideMacBook-Pro.local","pid":13960,"level":20,"msg":"Processed: \u001b[35mlanguages/zh-CN.yml\u001b[39m","time":"2020-09-16T01:36:47.276Z","v":0}
{"name":"hexo","hostname":"lideMacBook-Pro.local","pid":13960,"level":20,"msg":"Processed: \u001b[35mlanguages/zh-tw.yml\u001b[39m","time":"2020-09-16T01:36:47.276Z","v":0}
{"name":"hexo","hostname":"lideMacBook-Pro.local","pid":13960,"level":20,"msg":"Processed: \u001b[35mlanguages/ru.yml\u001b[39m","time":"2020-09-16T01:36:47.276Z","v":0}
{"name":"hexo","hostname":"lideMacBook-Pro.local","pid":13960,"level":20,"msg":"Processed: \u001b[35mlayout/_partial/after-footer.ejs\u001b[39m","time":"2020-09-16T01:36:47.290Z","v":0}
{"name":"hexo","hostname":"lideMacBook-Pro.local","pid":13960,"level":20,"msg":"Processed: \u001b[35mlayout/_partial/archive.ejs\u001b[39m","time":"2020-09-16T01:36:47.290Z","v":0}
{"name":"hexo","hostname":"lideMacBook-Pro.local","pid":13960,"level":20,"msg":"Processed: \u001b[35mlayout/_partial/css.ejs\u001b[39m","time":"2020-09-16T01:36:47.290Z","v":0}
{"name":"hexo","hostname":"lideMacBook-Pro.local","pid":13960,"level":20,"msg":"Processed: \u001b[35mlayout/_partial/article.ejs\u001b[39m","time":"2020-09-16T01:36:47.290Z","v":0}
{"name":"hexo","hostname":"lideMacBook-Pro.local","pid":13960,"level":20,"msg":"Processed: \u001b[35mlayout/_partial/archive-post.ejs\u001b[39m","time":"2020-09-16T01:36:47.290Z","v":0}
{"name":"hexo","hostname":"lideMacBook-Pro.local","pid":13960,"level":20,"msg":"Processed: \u001b[35mlayout/_partial/footer.ejs\u001b[39m","time":"2020-09-16T01:36:47.290Z","v":0}
{"name":"hexo","hostname":"lideMacBook-Pro.local","pid":13960,"level":20,"msg":"Processed: \u001b[35mlayout/_partial/header.ejs\u001b[39m","time":"2020-09-16T01:36:47.290Z","v":0}
{"name":"hexo","hostname":"lideMacBook-Pro.local","pid":13960,"level":20,"msg":"Processed: \u001b[35mlayout/_partial/left-col.ejs\u001b[39m","time":"2020-09-16T01:36:47.290Z","v":0}
{"name":"hexo","hostname":"lideMacBook-Pro.local","pid":13960,"level":20,"msg":"Processed: \u001b[35mlayout/_partial/head.ejs\u001b[39m","time":"2020-09-16T01:36:47.290Z","v":0}
{"name":"hexo","hostname":"lideMacBook-Pro.local","pid":13960,"level":20,"msg":"Processed: \u001b[35mlayout/_partial/mathjax.ejs\u001b[39m","time":"2020-09-16T01:36:47.290Z","v":0}
{"name":"hexo","hostname":"lideMacBook-Pro.local","pid":13960,"level":20,"msg":"Processed: \u001b[35mlayout/_partial/mobile-nav.ejs\u001b[39m","time":"2020-09-16T01:36:47.290Z","v":0}
{"name":"hexo","hostname":"lideMacBook-Pro.local","pid":13960,"level":20,"msg":"Processed: \u001b[35mlayout/_partial/google-analytics.ejs\u001b[39m","time":"2020-09-16T01:36:47.290Z","v":0}
{"name":"hexo","hostname":"lideMacBook-Pro.local","pid":13960,"level":20,"msg":"Processed: \u001b[35mlayout/_partial/script.ejs\u001b[39m","time":"2020-09-16T01:36:47.290Z","v":0}
{"name":"hexo","hostname":"lideMacBook-Pro.local","pid":13960,"level":20,"msg":"Processed: \u001b[35mlayout/_partial/tools.ejs\u001b[39m","time":"2020-09-16T01:36:47.290Z","v":0}
{"name":"hexo","hostname":"lideMacBook-Pro.local","pid":13960,"level":20,"msg":"Processed: \u001b[35mlayout/_partial/viewer.ejs\u001b[39m","time":"2020-09-16T01:36:47.291Z","v":0}
{"name":"hexo","hostname":"lideMacBook-Pro.local","pid":13960,"level":20,"msg":"Processed: \u001b[35mlayout/_partial/baidu-analytics.ejs\u001b[39m","time":"2020-09-16T01:36:47.291Z","v":0}
{"name":"hexo","hostname":"lideMacBook-Pro.local","pid":13960,"level":20,"msg":"Processed: \u001b[35mlayout/_partial/post/share.ejs\u001b[39m","time":"2020-09-16T01:36:47.293Z","v":0}
{"name":"hexo","hostname":"lideMacBook-Pro.local","pid":13960,"level":20,"msg":"Processed: \u001b[35mlayout/_partial/post/tag.ejs\u001b[39m","time":"2020-09-16T01:36:47.293Z","v":0}
{"name":"hexo","hostname":"lideMacBook-Pro.local","pid":13960,"level":20,"msg":"Processed: \u001b[35mlayout/_partial/post/title.ejs\u001b[39m","time":"2020-09-16T01:36:47.293Z","v":0}
{"name":"hexo","hostname":"lideMacBook-Pro.local","pid":13960,"level":20,"msg":"Processed: \u001b[35mlayout/_partial/post/duoshuo.ejs\u001b[39m","time":"2020-09-16T01:36:47.294Z","v":0}
{"name":"hexo","hostname":"lideMacBook-Pro.local","pid":13960,"level":20,"msg":"Processed: \u001b[35mlayout/_partial/post/date.ejs\u001b[39m","time":"2020-09-16T01:36:47.294Z","v":0}
{"name":"hexo","hostname":"lideMacBook-Pro.local","pid":13960,"level":20,"msg":"Processed: \u001b[35mlayout/_partial/post/category.ejs\u001b[39m","time":"2020-09-16T01:36:47.294Z","v":0}
{"name":"hexo","hostname":"lideMacBook-Pro.local","pid":13960,"level":20,"msg":"Processed: \u001b[35mlayout/_partial/post/nav.ejs\u001b[39m","time":"2020-09-16T01:36:47.294Z","v":0}
{"name":"hexo","hostname":"lideMacBook-Pro.local","pid":13960,"level":20,"msg":"Generator: \u001b[35mpage\u001b[39m","time":"2020-09-16T01:36:47.536Z","v":0}
{"name":"hexo","hostname":"lideMacBook-Pro.local","pid":13960,"level":20,"msg":"Generator: \u001b[35mpost\u001b[39m","time":"2020-09-16T01:36:47.536Z","v":0}
{"name":"hexo","hostname":"lideMacBook-Pro.local","pid":13960,"level":20,"msg":"Generator: \u001b[35mcategory\u001b[39m","time":"2020-09-16T01:36:47.536Z","v":0}
{"name":"hexo","hostname":"lideMacBook-Pro.local","pid":13960,"level":20,"msg":"Generator: \u001b[35marchive\u001b[39m","time":"2020-09-16T01:36:47.536Z","v":0}
{"name":"hexo","hostname":"lideMacBook-Pro.local","pid":13960,"level":20,"msg":"Generator: \u001b[35mindex\u001b[39m","time":"2020-09-16T01:36:47.536Z","v":0}
{"name":"hexo","hostname":"lideMacBook-Pro.local","pid":13960,"level":20,"msg":"Generator: \u001b[35mjson-content\u001b[39m","time":"2020-09-16T01:36:47.536Z","v":0}
{"name":"hexo","hostname":"lideMacBook-Pro.local","pid":13960,"level":20,"msg":"Generator: \u001b[35mtag\u001b[39m","time":"2020-09-16T01:36:47.536Z","v":0}
{"name":"hexo","hostname":"lideMacBook-Pro.local","pid":13960,"level":20,"msg":"Generator: \u001b[35masset\u001b[39m","time":"2020-09-16T01:36:47.537Z","v":0}
{"name":"hexo","hostname":"lideMacBook-Pro.local","pid":13960,"level":30,"msg":"Files loaded in \u001b[36m855 ms\u001b[39m","time":"2020-09-16T01:36:47.557Z","v":0}
{"name":"hexo","hostname":"lideMacBook-Pro.local","pid":13960,"level":20,"msg":"Rendering page: \u001b[35mcategories/index.html\u001b[39m","time":"2020-09-16T01:36:47.574Z","v":0}
{"name":"hexo","hostname":"lideMacBook-Pro.local","pid":13960,"level":20,"msg":"Rendering page: \u001b[35msomething/index.html\u001b[39m","time":"2020-09-16T01:36:47.582Z","v":0}
{"name":"hexo","hostname":"lideMacBook-Pro.local","pid":13960,"level":20,"msg":"Rendering page: \u001b[35mtags/index.html\u001b[39m","time":"2020-09-16T01:36:47.586Z","v":0}
{"name":"hexo","hostname":"lideMacBook-Pro.local","pid":13960,"level":20,"msg":"Rendering post: \u001b[35m2020/09/15/python-1/index.html\u001b[39m","time":"2020-09-16T01:36:47.591Z","v":0}
{"name":"hexo","hostname":"lideMacBook-Pro.local","pid":13960,"level":20,"msg":"Rendering post: \u001b[35m2020/07/21/viewbinding/index.html\u001b[39m","time":"2020-09-16T01:36:47.596Z","v":0}
{"name":"hexo","hostname":"lideMacBook-Pro.local","pid":13960,"level":20,"msg":"Rendering post: \u001b[35m2020/07/15/serial-port/index.html\u001b[39m","time":"2020-09-16T01:36:47.599Z","v":0}
{"name":"hexo","hostname":"lideMacBook-Pro.local","pid":13960,"level":20,"msg":"Rendering post: \u001b[35m2020/05/09/viewpager-1/index.html\u001b[39m","time":"2020-09-16T01:36:47.602Z","v":0}
{"name":"hexo","hostname":"lideMacBook-Pro.local","pid":13960,"level":20,"msg":"Rendering post: \u001b[35m2020/01/22/telecom/index.html\u001b[39m","time":"2020-09-16T01:36:47.605Z","v":0}
{"name":"hexo","hostname":"lideMacBook-Pro.local","pid":13960,"level":20,"msg":"Rendering post: \u001b[35m2020/01/15/summary-2019/index.html\u001b[39m","time":"2020-09-16T01:36:47.608Z","v":0}
{"name":"hexo","hostname":"lideMacBook-Pro.local","pid":13960,"level":20,"msg":"Rendering post: \u001b[35m2019/12/24/textview-suffix/index.html\u001b[39m","time":"2020-09-16T01:36:47.610Z","v":0}
{"name":"hexo","hostname":"lideMacBook-Pro.local","pid":13960,"level":20,"msg":"Rendering post: \u001b[35m2019/12/18/cat-1/index.html\u001b[39m","time":"2020-09-16T01:36:47.615Z","v":0}
{"name":"hexo","hostname":"lideMacBook-Pro.local","pid":13960,"level":20,"msg":"Rendering post: \u001b[35m2019/12/18/anim-continue/index.html\u001b[39m","time":"2020-09-16T01:36:47.617Z","v":0}
{"name":"hexo","hostname":"lideMacBook-Pro.local","pid":13960,"level":20,"msg":"Rendering post: \u001b[35m2019/12/12/anim/index.html\u001b[39m","time":"2020-09-16T01:36:47.620Z","v":0}
{"name":"hexo","hostname":"lideMacBook-Pro.local","pid":13960,"level":20,"msg":"Rendering post: \u001b[35m2019/11/29/tips/index.html\u001b[39m","time":"2020-09-16T01:36:47.623Z","v":0}
{"name":"hexo","hostname":"lideMacBook-Pro.local","pid":13960,"level":20,"msg":"Rendering post: \u001b[35m2019/10/31/october/index.html\u001b[39m","time":"2020-09-16T01:36:47.625Z","v":0}
{"name":"hexo","hostname":"lideMacBook-Pro.local","pid":13960,"level":20,"msg":"Rendering post: \u001b[35m2019/09/19/media-mix2/index.html\u001b[39m","time":"2020-09-16T01:36:47.628Z","v":0}
{"name":"hexo","hostname":"lideMacBook-Pro.local","pid":13960,"level":20,"msg":"Rendering post: \u001b[35m2019/09/12/adjust/index.html\u001b[39m","time":"2020-09-16T01:36:47.630Z","v":0}
{"name":"hexo","hostname":"lideMacBook-Pro.local","pid":13960,"level":20,"msg":"Rendering post: \u001b[35m2019/09/06/keepalive/index.html\u001b[39m","time":"2020-09-16T01:36:47.632Z","v":0}
{"name":"hexo","hostname":"lideMacBook-Pro.local","pid":13960,"level":20,"msg":"Rendering post: \u001b[35m2019/09/02/livedata/index.html\u001b[39m","time":"2020-09-16T01:36:47.635Z","v":0}
{"name":"hexo","hostname":"lideMacBook-Pro.local","pid":13960,"level":20,"msg":"Rendering post: \u001b[35m2019/08/13/cl-2/index.html\u001b[39m","time":"2020-09-16T01:36:47.637Z","v":0}
{"name":"hexo","hostname":"lideMacBook-Pro.local","pid":13960,"level":20,"msg":"Rendering post: \u001b[35m2019/08/05/handlerthread/index.html\u001b[39m","time":"2020-09-16T01:36:47.640Z","v":0}
{"name":"hexo","hostname":"lideMacBook-Pro.local","pid":13960,"level":20,"msg":"Rendering post: \u001b[35m2019/07/12/multi-form/index.html\u001b[39m","time":"2020-09-16T01:36:47.642Z","v":0}
{"name":"hexo","hostname":"lideMacBook-Pro.local","pid":13960,"level":20,"msg":"Rendering post: \u001b[35m2019/07/04/anr/index.html\u001b[39m","time":"2020-09-16T01:36:47.645Z","v":0}
{"name":"hexo","hostname":"lideMacBook-Pro.local","pid":13960,"level":20,"msg":"Rendering post: \u001b[35m2019/06/28/cat/index.html\u001b[39m","time":"2020-09-16T01:36:47.647Z","v":0}
{"name":"hexo","hostname":"lideMacBook-Pro.local","pid":13960,"level":20,"msg":"Rendering post: \u001b[35m2019/06/13/cl/index.html\u001b[39m","time":"2020-09-16T01:36:47.649Z","v":0}
{"name":"hexo","hostname":"lideMacBook-Pro.local","pid":13960,"level":20,"msg":"Rendering post: \u001b[35m2019/05/17/scroll-1/index.html\u001b[39m","time":"2020-09-16T01:36:47.651Z","v":0}
{"name":"hexo","hostname":"lideMacBook-Pro.local","pid":13960,"level":20,"msg":"Rendering post: \u001b[35m2019/05/16/h5/index.html\u001b[39m","time":"2020-09-16T01:36:47.653Z","v":0}
{"name":"hexo","hostname":"lideMacBook-Pro.local","pid":13960,"level":20,"msg":"Rendering post: \u001b[35m2019/05/09/media/index.html\u001b[39m","time":"2020-09-16T01:36:47.655Z","v":0}
{"name":"hexo","hostname":"lideMacBook-Pro.local","pid":13960,"level":20,"msg":"Rendering post: \u001b[35m2019/04/24/jetpack/index.html\u001b[39m","time":"2020-09-16T01:36:47.657Z","v":0}
{"name":"hexo","hostname":"lideMacBook-Pro.local","pid":13960,"level":20,"msg":"Rendering post: \u001b[35m2019/04/16/coordinator-1/index.html\u001b[39m","time":"2020-09-16T01:36:47.659Z","v":0}
{"name":"hexo","hostname":"lideMacBook-Pro.local","pid":13960,"level":20,"msg":"Rendering post: \u001b[35m2019/03/12/scroll/index.html\u001b[39m","time":"2020-09-16T01:36:47.664Z","v":0}
{"name":"hexo","hostname":"lideMacBook-Pro.local","pid":13960,"level":20,"msg":"Rendering post: \u001b[35m2019/03/05/wechat-tip/index.html\u001b[39m","time":"2020-09-16T01:36:47.666Z","v":0}
{"name":"hexo","hostname":"lideMacBook-Pro.local","pid":13960,"level":20,"msg":"Rendering post: \u001b[35m2019/02/27/feeling/index.html\u001b[39m","time":"2020-09-16T01:36:47.668Z","v":0}
{"name":"hexo","hostname":"lideMacBook-Pro.local","pid":13960,"level":20,"msg":"Rendering post: \u001b[35m2019/02/02/animation/index.html\u001b[39m","time":"2020-09-16T01:36:47.671Z","v":0}
{"name":"hexo","hostname":"lideMacBook-Pro.local","pid":13960,"level":20,"msg":"Rendering post: \u001b[35m2019/01/25/china-map/index.html\u001b[39m","time":"2020-09-16T01:36:47.674Z","v":0}
{"name":"hexo","hostname":"lideMacBook-Pro.local","pid":13960,"level":20,"msg":"Rendering post: \u001b[35m2019/01/10/fragment/index.html\u001b[39m","time":"2020-09-16T01:36:47.676Z","v":0}
{"name":"hexo","hostname":"lideMacBook-Pro.local","pid":13960,"level":20,"msg":"Rendering post: \u001b[35m2018/12/25/geek/index.html\u001b[39m","time":"2020-09-16T01:36:47.678Z","v":0}
{"name":"hexo","hostname":"lideMacBook-Pro.local","pid":13960,"level":20,"msg":"Rendering post: \u001b[35m2018/12/21/amap/index.html\u001b[39m","time":"2020-09-16T01:36:47.681Z","v":0}
{"name":"hexo","hostname":"lideMacBook-Pro.local","pid":13960,"level":20,"msg":"Rendering post: \u001b[35m2018/12/12/recyclerview-scroll/index.html\u001b[39m","time":"2020-09-16T01:36:47.683Z","v":0}
{"name":"hexo","hostname":"lideMacBook-Pro.local","pid":13960,"level":20,"msg":"Rendering post: \u001b[35m2018/11/23/media-mix/index.html\u001b[39m","time":"2020-09-16T01:36:47.686Z","v":0}
{"name":"hexo","hostname":"lideMacBook-Pro.local","pid":13960,"level":20,"msg":"Rendering post: \u001b[35m2018/10/18/screen-record/index.html\u001b[39m","time":"2020-09-16T01:36:47.688Z","v":0}
{"name":"hexo","hostname":"lideMacBook-Pro.local","pid":13960,"level":20,"msg":"Rendering post: \u001b[35m2018/10/10/start-for-result/index.html\u001b[39m","time":"2020-09-16T01:36:47.690Z","v":0}
{"name":"hexo","hostname":"lideMacBook-Pro.local","pid":13960,"level":20,"msg":"Rendering post: \u001b[35m2018/09/27/shape/index.html\u001b[39m","time":"2020-09-16T01:36:47.693Z","v":0}
{"name":"hexo","hostname":"lideMacBook-Pro.local","pid":13960,"level":20,"msg":"Rendering post: \u001b[35m2018/08/22/kotlin-question3/index.html\u001b[39m","time":"2020-09-16T01:36:47.695Z","v":0}
{"name":"hexo","hostname":"lideMacBook-Pro.local","pid":13960,"level":20,"msg":"Rendering post: \u001b[35m2018/09/13/phone-adapt/index.html\u001b[39m","time":"2020-09-16T01:36:47.697Z","v":0}
{"name":"hexo","hostname":"lideMacBook-Pro.local","pid":13960,"level":20,"msg":"Rendering post: \u001b[35m2018/08/16/keep-alive/index.html\u001b[39m","time":"2020-09-16T01:36:47.699Z","v":0}
{"name":"hexo","hostname":"lideMacBook-Pro.local","pid":13960,"level":20,"msg":"Rendering post: \u001b[35m2018/07/23/sticky-header/index.html\u001b[39m","time":"2020-09-16T01:36:47.701Z","v":0}
{"name":"hexo","hostname":"lideMacBook-Pro.local","pid":13960,"level":20,"msg":"Rendering post: \u001b[35m2018/07/19/kotlin-question2/index.html\u001b[39m","time":"2020-09-16T01:36:47.703Z","v":0}
{"name":"hexo","hostname":"lideMacBook-Pro.local","pid":13960,"level":20,"msg":"Rendering post: \u001b[35m2018/07/11/kotlin-question/index.html\u001b[39m","time":"2020-09-16T01:36:47.706Z","v":0}
{"name":"hexo","hostname":"lideMacBook-Pro.local","pid":13960,"level":20,"msg":"Rendering post: \u001b[35m2018/06/22/git-quesition/index.html\u001b[39m","time":"2020-09-16T01:36:47.708Z","v":0}
{"name":"hexo","hostname":"lideMacBook-Pro.local","pid":13960,"level":20,"msg":"Rendering post: \u001b[35m2018/05/28/practical-cmd/index.html\u001b[39m","time":"2020-09-16T01:36:47.712Z","v":0}
{"name":"hexo","hostname":"lideMacBook-Pro.local","pid":13960,"level":20,"msg":"Rendering post: \u001b[35m2018/05/08/uml/index.html\u001b[39m","time":"2020-09-16T01:36:47.714Z","v":0}
{"name":"hexo","hostname":"lideMacBook-Pro.local","pid":13960,"level":20,"msg":"Rendering post: \u001b[35m2018/05/07/refactor/index.html\u001b[39m","time":"2020-09-16T01:36:47.716Z","v":0}
{"name":"hexo","hostname":"lideMacBook-Pro.local","pid":13960,"level":20,"msg":"Rendering post: \u001b[35m2018/04/12/hashset/index.html\u001b[39m","time":"2020-09-16T01:36:47.718Z","v":0}
{"name":"hexo","hostname":"lideMacBook-Pro.local","pid":13960,"level":20,"msg":"Rendering post: \u001b[35m2018/05/03/charles/index.html\u001b[39m","time":"2020-09-16T01:36:47.721Z","v":0}
{"name":"hexo","hostname":"lideMacBook-Pro.local","pid":13960,"level":20,"msg":"Rendering post: \u001b[35m2018/03/28/async-task-model/index.html\u001b[39m","time":"2020-09-16T01:36:47.723Z","v":0}
{"name":"hexo","hostname":"lideMacBook-Pro.local","pid":13960,"level":20,"msg":"Rendering post: \u001b[35m2018/03/23/interview/index.html\u001b[39m","time":"2020-09-16T01:36:47.725Z","v":0}
{"name":"hexo","hostname":"lideMacBook-Pro.local","pid":13960,"level":20,"msg":"Rendering post: \u001b[35m2018/03/16/long-time-no-see/index.html\u001b[39m","time":"2020-09-16T01:36:47.727Z","v":0}
{"name":"hexo","hostname":"lideMacBook-Pro.local","pid":13960,"level":20,"msg":"Rendering post: \u001b[35m2018/01/22/code-copy/index.html\u001b[39m","time":"2020-09-16T01:36:47.730Z","v":0}
{"name":"hexo","hostname":"lideMacBook-Pro.local","pid":13960,"level":20,"msg":"Rendering post: \u001b[35m2018/01/19/summary-2017/index.html\u001b[39m","time":"2020-09-16T01:36:47.732Z","v":0}
{"name":"hexo","hostname":"lideMacBook-Pro.local","pid":13960,"level":20,"msg":"Rendering post: \u001b[35m2018/01/11/talk/index.html\u001b[39m","time":"2020-09-16T01:36:47.734Z","v":0}
{"name":"hexo","hostname":"lideMacBook-Pro.local","pid":13960,"level":20,"msg":"Rendering post: \u001b[35m2018/01/04/build-config/index.html\u001b[39m","time":"2020-09-16T01:36:47.736Z","v":0}
{"name":"hexo","hostname":"lideMacBook-Pro.local","pid":13960,"level":20,"msg":"Rendering post: \u001b[35m2017/12/22/mvp-2/index.html\u001b[39m","time":"2020-09-16T01:36:47.738Z","v":0}
{"name":"hexo","hostname":"lideMacBook-Pro.local","pid":13960,"level":20,"msg":"Rendering post: \u001b[35m2017/12/21/kotlin-code/index.html\u001b[39m","time":"2020-09-16T01:36:47.740Z","v":0}
{"name":"hexo","hostname":"lideMacBook-Pro.local","pid":13960,"level":20,"msg":"Rendering post: \u001b[35m2017/12/20/comparator/index.html\u001b[39m","time":"2020-09-16T01:36:47.742Z","v":0}
{"name":"hexo","hostname":"lideMacBook-Pro.local","pid":13960,"level":20,"msg":"Rendering post: \u001b[35m2017/12/15/support-version/index.html\u001b[39m","time":"2020-09-16T01:36:47.744Z","v":0}
{"name":"hexo","hostname":"lideMacBook-Pro.local","pid":13960,"level":20,"msg":"Rendering post: \u001b[35m2017/12/05/kotlin-config/index.html\u001b[39m","time":"2020-09-16T01:36:47.747Z","v":0}
{"name":"hexo","hostname":"lideMacBook-Pro.local","pid":13960,"level":20,"msg":"Rendering post: \u001b[35m2017/11/20/constraint/index.html\u001b[39m","time":"2020-09-16T01:36:47.750Z","v":0}
{"name":"hexo","hostname":"lideMacBook-Pro.local","pid":13960,"level":20,"msg":"Rendering post: \u001b[35m2017/11/15/retrofit-code/index.html\u001b[39m","time":"2020-09-16T01:36:47.752Z","v":0}
{"name":"hexo","hostname":"lideMacBook-Pro.local","pid":13960,"level":20,"msg":"Rendering post: \u001b[35m2017/11/01/device/index.html\u001b[39m","time":"2020-09-16T01:36:47.754Z","v":0}
{"name":"hexo","hostname":"lideMacBook-Pro.local","pid":13960,"level":20,"msg":"Rendering post: \u001b[35m2017/10/24/gradle-app-2/index.html\u001b[39m","time":"2020-09-16T01:36:47.756Z","v":0}
{"name":"hexo","hostname":"lideMacBook-Pro.local","pid":13960,"level":20,"msg":"Rendering post: \u001b[35m2017/10/19/classloader/index.html\u001b[39m","time":"2020-09-16T01:36:47.760Z","v":0}
{"name":"hexo","hostname":"lideMacBook-Pro.local","pid":13960,"level":20,"msg":"Rendering post: \u001b[35m2017/09/26/xunfei/index.html\u001b[39m","time":"2020-09-16T01:36:47.762Z","v":0}
{"name":"hexo","hostname":"lideMacBook-Pro.local","pid":13960,"level":20,"msg":"Rendering post: \u001b[35m2017/09/13/presentation/index.html\u001b[39m","time":"2020-09-16T01:36:47.764Z","v":0}
{"name":"hexo","hostname":"lideMacBook-Pro.local","pid":13960,"level":20,"msg":"Rendering post: \u001b[35m2017/08/29/small-tips/index.html\u001b[39m","time":"2020-09-16T01:36:47.766Z","v":0}
{"name":"hexo","hostname":"lideMacBook-Pro.local","pid":13960,"level":20,"msg":"Rendering post: \u001b[35m2017/08/04/github-star/index.html\u001b[39m","time":"2020-09-16T01:36:47.769Z","v":0}
{"name":"hexo","hostname":"lideMacBook-Pro.local","pid":13960,"level":20,"msg":"Rendering post: \u001b[35m2017/07/26/svg/index.html\u001b[39m","time":"2020-09-16T01:36:47.771Z","v":0}
{"name":"hexo","hostname":"lideMacBook-Pro.local","pid":13960,"level":20,"msg":"Rendering post: \u001b[35m2017/07/11/java-set/index.html\u001b[39m","time":"2020-09-16T01:36:47.773Z","v":0}
{"name":"hexo","hostname":"lideMacBook-Pro.local","pid":13960,"level":20,"msg":"Rendering post: \u001b[35m2017/06/30/viewpager/index.html\u001b[39m","time":"2020-09-16T01:36:47.775Z","v":0}
{"name":"hexo","hostname":"lideMacBook-Pro.local","pid":13960,"level":20,"msg":"Rendering post: \u001b[35m2017/06/09/zsh/index.html\u001b[39m","time":"2020-09-16T01:36:47.777Z","v":0}
{"name":"hexo","hostname":"lideMacBook-Pro.local","pid":13960,"level":20,"msg":"Rendering post: \u001b[35m2017/06/07/git/index.html\u001b[39m","time":"2020-09-16T01:36:47.780Z","v":0}
{"name":"hexo","hostname":"lideMacBook-Pro.local","pid":13960,"level":20,"msg":"Rendering post: \u001b[35m2017/05/09/confuse/index.html\u001b[39m","time":"2020-09-16T01:36:47.782Z","v":0}
{"name":"hexo","hostname":"lideMacBook-Pro.local","pid":13960,"level":20,"msg":"Rendering post: \u001b[35m2017/05/09/multi-type/index.html\u001b[39m","time":"2020-09-16T01:36:47.784Z","v":0}
{"name":"hexo","hostname":"lideMacBook-Pro.local","pid":13960,"level":20,"msg":"Rendering post: \u001b[35m2017/04/25/mvp-1/index.html\u001b[39m","time":"2020-09-16T01:36:47.785Z","v":0}
{"name":"hexo","hostname":"lideMacBook-Pro.local","pid":13960,"level":20,"msg":"Rendering post: \u001b[35m2017/04/19/no-password/index.html\u001b[39m","time":"2020-09-16T01:36:47.787Z","v":0}
{"name":"hexo","hostname":"lideMacBook-Pro.local","pid":13960,"level":20,"msg":"Rendering post: \u001b[35m2017/04/18/wrong/index.html\u001b[39m","time":"2020-09-16T01:36:47.789Z","v":0}
{"name":"hexo","hostname":"lideMacBook-Pro.local","pid":13960,"level":20,"msg":"Rendering post: \u001b[35m2017/03/31/coordinatorlayout/index.html\u001b[39m","time":"2020-09-16T01:36:47.792Z","v":0}
{"name":"hexo","hostname":"lideMacBook-Pro.local","pid":13960,"level":20,"msg":"Rendering post: \u001b[35m2017/03/16/gradle-app/index.html\u001b[39m","time":"2020-09-16T01:36:47.794Z","v":0}
{"name":"hexo","hostname":"lideMacBook-Pro.local","pid":13960,"level":20,"msg":"Rendering post: \u001b[35m2017/02/16/theme-update/index.html\u001b[39m","time":"2020-09-16T01:36:47.796Z","v":0}
{"name":"hexo","hostname":"lideMacBook-Pro.local","pid":13960,"level":20,"msg":"Rendering post: \u001b[35m2017/02/16/translucent-view/index.html\u001b[39m","time":"2020-09-16T01:36:47.798Z","v":0}
{"name":"hexo","hostname":"lideMacBook-Pro.local","pid":13960,"level":20,"msg":"Rendering post: \u001b[35m2017/01/09/summary/index.html\u001b[39m","time":"2020-09-16T01:36:47.801Z","v":0}
{"name":"hexo","hostname":"lideMacBook-Pro.local","pid":13960,"level":20,"msg":"Rendering post: \u001b[35m2016/12/16/ios-tips/index.html\u001b[39m","time":"2020-09-16T01:36:47.803Z","v":0}
{"name":"hexo","hostname":"lideMacBook-Pro.local","pid":13960,"level":20,"msg":"Rendering post: \u001b[35m2016/12/07/enter-oc/index.html\u001b[39m","time":"2020-09-16T01:36:47.806Z","v":0}
{"name":"hexo","hostname":"lideMacBook-Pro.local","pid":13960,"level":20,"msg":"Rendering post: \u001b[35m2016/11/29/multi-pc/index.html\u001b[39m","time":"2020-09-16T01:36:47.810Z","v":0}
{"name":"hexo","hostname":"lideMacBook-Pro.local","pid":13960,"level":20,"msg":"Rendering post: \u001b[35m2016/12/07/xcode/index.html\u001b[39m","time":"2020-09-16T01:36:47.812Z","v":0}
{"name":"hexo","hostname":"lideMacBook-Pro.local","pid":13960,"level":20,"msg":"Rendering post: \u001b[35m2016/11/28/OS-X/index.html\u001b[39m","time":"2020-09-16T01:36:47.814Z","v":0}
{"name":"hexo","hostname":"lideMacBook-Pro.local","pid":13960,"level":20,"msg":"Rendering post: \u001b[35m2016/11/21/ios/index.html\u001b[39m","time":"2020-09-16T01:36:47.816Z","v":0}
{"name":"hexo","hostname":"lideMacBook-Pro.local","pid":13960,"level":20,"msg":"Rendering post: \u001b[35m2016/11/16/socket/index.html\u001b[39m","time":"2020-09-16T01:36:47.818Z","v":0}
{"name":"hexo","hostname":"lideMacBook-Pro.local","pid":13960,"level":20,"msg":"Rendering post: \u001b[35m2016/10/28/cross-platform/index.html\u001b[39m","time":"2020-09-16T01:36:47.820Z","v":0}
{"name":"hexo","hostname":"lideMacBook-Pro.local","pid":13960,"level":20,"msg":"Rendering post: \u001b[35m2016/10/22/live-audio/index.html\u001b[39m","time":"2020-09-16T01:36:47.823Z","v":0}
{"name":"hexo","hostname":"lideMacBook-Pro.local","pid":13960,"level":20,"msg":"Rendering post: \u001b[35m2016/10/20/live-code-video/index.html\u001b[39m","time":"2020-09-16T01:36:47.825Z","v":0}
{"name":"hexo","hostname":"lideMacBook-Pro.local","pid":13960,"level":20,"msg":"Rendering post: \u001b[35m2016/10/20/live-capture-video/index.html\u001b[39m","time":"2020-09-16T01:36:47.827Z","v":0}
{"name":"hexo","hostname":"lideMacBook-Pro.local","pid":13960,"level":20,"msg":"Rendering post: \u001b[35m2016/10/19/live/index.html\u001b[39m","time":"2020-09-16T01:36:47.829Z","v":0}
{"name":"hexo","hostname":"lideMacBook-Pro.local","pid":13960,"level":20,"msg":"Rendering post: \u001b[35m2016/09/20/system-ui/index.html\u001b[39m","time":"2020-09-16T01:36:47.831Z","v":0}
{"name":"hexo","hostname":"lideMacBook-Pro.local","pid":13960,"level":20,"msg":"Rendering post: \u001b[35m2016/09/12/jcenter/index.html\u001b[39m","time":"2020-09-16T01:36:47.833Z","v":0}
{"name":"hexo","hostname":"lideMacBook-Pro.local","pid":13960,"level":20,"msg":"Rendering post: \u001b[35m2016/09/12/make-wheel/index.html\u001b[39m","time":"2020-09-16T01:36:47.836Z","v":0}
{"name":"hexo","hostname":"lideMacBook-Pro.local","pid":13960,"level":20,"msg":"Rendering post: \u001b[35m2016/08/18/alarm/index.html\u001b[39m","time":"2020-09-16T01:36:47.838Z","v":0}
{"name":"hexo","hostname":"lideMacBook-Pro.local","pid":13960,"level":20,"msg":"Rendering post: \u001b[35m2016/08/04/statusbar/index.html\u001b[39m","time":"2020-09-16T01:36:47.840Z","v":0}
{"name":"hexo","hostname":"lideMacBook-Pro.local","pid":13960,"level":20,"msg":"Rendering post: \u001b[35m2016/08/05/touchevent/index.html\u001b[39m","time":"2020-09-16T01:36:47.842Z","v":0}
{"name":"hexo","hostname":"lideMacBook-Pro.local","pid":13960,"level":20,"msg":"Rendering post: \u001b[35m2016/07/26/textview/index.html\u001b[39m","time":"2020-09-16T01:36:47.844Z","v":0}
{"name":"hexo","hostname":"lideMacBook-Pro.local","pid":13960,"level":20,"msg":"Rendering post: \u001b[35m2016/07/21/blur/index.html\u001b[39m","time":"2020-09-16T01:36:47.846Z","v":0}
{"name":"hexo","hostname":"lideMacBook-Pro.local","pid":13960,"level":20,"msg":"Rendering post: \u001b[35m2016/07/21/android-adapter/index.html\u001b[39m","time":"2020-09-16T01:36:47.848Z","v":0}
{"name":"hexo","hostname":"lideMacBook-Pro.local","pid":13960,"level":20,"msg":"Rendering post: \u001b[35m2016/07/01/about-screen/index.html\u001b[39m","time":"2020-09-16T01:36:47.850Z","v":0}
{"name":"hexo","hostname":"lideMacBook-Pro.local","pid":13960,"level":20,"msg":"Rendering post: \u001b[35m2016/06/23/retrofit/index.html\u001b[39m","time":"2020-09-16T01:36:47.852Z","v":0}
{"name":"hexo","hostname":"lideMacBook-Pro.local","pid":13960,"level":20,"msg":"Rendering post: \u001b[35m2016/06/27/mvp/index.html\u001b[39m","time":"2020-09-16T01:36:47.856Z","v":0}
{"name":"hexo","hostname":"lideMacBook-Pro.local","pid":13960,"level":20,"msg":"Rendering post: \u001b[35m2016/06/02/popupwindow/index.html\u001b[39m","time":"2020-09-16T01:36:47.858Z","v":0}
{"name":"hexo","hostname":"lideMacBook-Pro.local","pid":13960,"level":20,"msg":"Rendering post: \u001b[35m2016/05/27/task-queue/index.html\u001b[39m","time":"2020-09-16T01:36:47.860Z","v":0}
{"name":"hexo","hostname":"lideMacBook-Pro.local","pid":13960,"level":20,"msg":"Rendering post: \u001b[35m2016/05/18/alipay/index.html\u001b[39m","time":"2020-09-16T01:36:47.863Z","v":0}
{"name":"hexo","hostname":"lideMacBook-Pro.local","pid":13960,"level":20,"msg":"Rendering post: \u001b[35m2016/05/16/dashboard/index.html\u001b[39m","time":"2020-09-16T01:36:47.865Z","v":0}
{"name":"hexo","hostname":"lideMacBook-Pro.local","pid":13960,"level":20,"msg":"Rendering post: \u001b[35m2016/05/10/custom-attr/index.html\u001b[39m","time":"2020-09-16T01:36:47.867Z","v":0}
{"name":"hexo","hostname":"lideMacBook-Pro.local","pid":13960,"level":20,"msg":"Rendering post: \u001b[35m2016/04/28/new-seekbar/index.html\u001b[39m","time":"2020-09-16T01:36:47.869Z","v":0}
{"name":"hexo","hostname":"lideMacBook-Pro.local","pid":13960,"level":20,"msg":"Rendering post: \u001b[35m2016/04/27/seekbar/index.html\u001b[39m","time":"2020-09-16T01:36:47.871Z","v":0}
{"name":"hexo","hostname":"lideMacBook-Pro.local","pid":13960,"level":20,"msg":"Rendering post: \u001b[35m2016/04/22/android-scroll/index.html\u001b[39m","time":"2020-09-16T01:36:47.873Z","v":0}
{"name":"hexo","hostname":"lideMacBook-Pro.local","pid":13960,"level":20,"msg":"Rendering post: \u001b[35m2016/04/18/refresh-listview/index.html\u001b[39m","time":"2020-09-16T01:36:47.875Z","v":0}
{"name":"hexo","hostname":"lideMacBook-Pro.local","pid":13960,"level":20,"msg":"Rendering post: \u001b[35m2016/04/07/domain/index.html\u001b[39m","time":"2020-09-16T01:36:47.877Z","v":0}
{"name":"hexo","hostname":"lideMacBook-Pro.local","pid":13960,"level":20,"msg":"Rendering post: \u001b[35m2016/04/05/jpush/index.html\u001b[39m","time":"2020-09-16T01:36:47.879Z","v":0}
{"name":"hexo","hostname":"lideMacBook-Pro.local","pid":13960,"level":20,"msg":"Rendering post: \u001b[35m2016/04/01/video-view/index.html\u001b[39m","time":"2020-09-16T01:36:47.881Z","v":0}
{"name":"hexo","hostname":"lideMacBook-Pro.local","pid":13960,"level":20,"msg":"Rendering post: \u001b[35m2016/03/25/blog-move/index.html\u001b[39m","time":"2020-09-16T01:36:47.883Z","v":0}
{"name":"hexo","hostname":"lideMacBook-Pro.local","pid":13960,"level":20,"msg":"Rendering post: \u001b[35m2016/03/18/wechat-sdk/index.html\u001b[39m","time":"2020-09-16T01:36:47.885Z","v":0}
{"name":"hexo","hostname":"lideMacBook-Pro.local","pid":13960,"level":20,"msg":"Rendering post: \u001b[35m2016/03/17/hexo-tools/index.html\u001b[39m","time":"2020-09-16T01:36:47.887Z","v":0}
{"name":"hexo","hostname":"lideMacBook-Pro.local","pid":13960,"level":20,"msg":"Rendering post: \u001b[35m2016/03/17/hexo-tips/index.html\u001b[39m","time":"2020-09-16T01:36:47.889Z","v":0}
{"name":"hexo","hostname":"lideMacBook-Pro.local","pid":13960,"level":20,"msg":"Rendering post: \u001b[35m2016/03/17/hexo-blog/index.html\u001b[39m","time":"2020-09-16T01:36:47.891Z","v":0}
{"name":"hexo","hostname":"lideMacBook-Pro.local","pid":13960,"level":20,"msg":"Rendering post: \u001b[35m2016/03/09/gradle-pack/index.html\u001b[39m","time":"2020-09-16T01:36:47.893Z","v":0}
{"name":"hexo","hostname":"lideMacBook-Pro.local","pid":13960,"level":20,"msg":"Rendering post: \u001b[35m2016/03/02/change-title/index.html\u001b[39m","time":"2020-09-16T01:36:47.896Z","v":0}
{"name":"hexo","hostname":"lideMacBook-Pro.local","pid":13960,"level":20,"msg":"Rendering post: \u001b[35m2016/02/23/single-thread-queue/index.html\u001b[39m","time":"2020-09-16T01:36:47.898Z","v":0}
{"name":"hexo","hostname":"lideMacBook-Pro.local","pid":13960,"level":20,"msg":"Rendering post: \u001b[35m2016/02/17/photo-wall/index.html\u001b[39m","time":"2020-09-16T01:36:47.902Z","v":0}
{"name":"hexo","hostname":"lideMacBook-Pro.local","pid":13960,"level":20,"msg":"Rendering post: \u001b[35m2016/02/17/material-design/index.html\u001b[39m","time":"2020-09-16T01:36:47.904Z","v":0}
{"name":"hexo","hostname":"lideMacBook-Pro.local","pid":13960,"level":20,"msg":"Rendering post: \u001b[35m2016/01/19/react-native-tips/index.html\u001b[39m","time":"2020-09-16T01:36:47.906Z","v":0}
{"name":"hexo","hostname":"lideMacBook-Pro.local","pid":13960,"level":20,"msg":"Rendering post: \u001b[35m2016/01/14/hybrid-practice/index.html\u001b[39m","time":"2020-09-16T01:36:47.908Z","v":0}
{"name":"hexo","hostname":"lideMacBook-Pro.local","pid":13960,"level":20,"msg":"Rendering post: \u001b[35m2016/01/15/react-native/index.html\u001b[39m","time":"2020-09-16T01:36:47.911Z","v":0}
{"name":"hexo","hostname":"lideMacBook-Pro.local","pid":13960,"level":20,"msg":"Rendering post: \u001b[35m2016/01/11/notification/index.html\u001b[39m","time":"2020-09-16T01:36:47.913Z","v":0}
{"name":"hexo","hostname":"lideMacBook-Pro.local","pid":13960,"level":20,"msg":"Rendering post: \u001b[35m2015/12/25/hybrid-introduction/index.html\u001b[39m","time":"2020-09-16T01:36:47.915Z","v":0}
{"name":"hexo","hostname":"lideMacBook-Pro.local","pid":13960,"level":20,"msg":"Rendering post: \u001b[35m2015/12/08/picture-view/index.html\u001b[39m","time":"2020-09-16T01:36:47.917Z","v":0}
{"name":"hexo","hostname":"lideMacBook-Pro.local","pid":13960,"level":20,"msg":"Rendering post: \u001b[35m2015/11/23/nine-patch/index.html\u001b[39m","time":"2020-09-16T01:36:47.920Z","v":0}
{"name":"hexo","hostname":"lideMacBook-Pro.local","pid":13960,"level":20,"msg":"Rendering post: \u001b[35m2015/11/14/swipe-listview/index.html\u001b[39m","time":"2020-09-16T01:36:47.922Z","v":0}
{"name":"hexo","hostname":"lideMacBook-Pro.local","pid":13960,"level":20,"msg":"Rendering post: \u001b[35m2015/11/14/touch-event/index.html\u001b[39m","time":"2020-09-16T01:36:47.924Z","v":0}
{"name":"hexo","hostname":"lideMacBook-Pro.local","pid":13960,"level":20,"msg":"Rendering post: \u001b[35m2015/11/05/genymotion/index.html\u001b[39m","time":"2020-09-16T01:36:47.926Z","v":0}
{"name":"hexo","hostname":"lideMacBook-Pro.local","pid":13960,"level":20,"msg":"Rendering post: \u001b[35m2015/10/28/reflect-interface/index.html\u001b[39m","time":"2020-09-16T01:36:47.928Z","v":0}
{"name":"hexo","hostname":"lideMacBook-Pro.local","pid":13960,"level":20,"msg":"Rendering post: \u001b[35m2015/10/24/baidu-loc/index.html\u001b[39m","time":"2020-09-16T01:36:47.930Z","v":0}
{"name":"hexo","hostname":"lideMacBook-Pro.local","pid":13960,"level":20,"msg":"Rendering post: \u001b[35m2015/10/24/ddms-logcat/index.html\u001b[39m","time":"2020-09-16T01:36:47.932Z","v":0}
{"name":"hexo","hostname":"lideMacBook-Pro.local","pid":13960,"level":20,"msg":"Rendering archive: \u001b[35marchives/index.html\u001b[39m","time":"2020-09-16T01:36:47.934Z","v":0}
{"name":"hexo","hostname":"lideMacBook-Pro.local","pid":13960,"level":20,"msg":"Rendering archive: \u001b[35marchives/page/2/index.html\u001b[39m","time":"2020-09-16T01:36:47.947Z","v":0}
{"name":"hexo","hostname":"lideMacBook-Pro.local","pid":13960,"level":20,"msg":"Rendering archive: \u001b[35marchives/page/3/index.html\u001b[39m","time":"2020-09-16T01:36:47.960Z","v":0}
{"name":"hexo","hostname":"lideMacBook-Pro.local","pid":13960,"level":20,"msg":"Rendering archive: \u001b[35marchives/page/4/index.html\u001b[39m","time":"2020-09-16T01:36:47.972Z","v":0}
{"name":"hexo","hostname":"lideMacBook-Pro.local","pid":13960,"level":20,"msg":"Rendering archive: \u001b[35marchives/page/6/index.html\u001b[39m","time":"2020-09-16T01:36:47.984Z","v":0}
{"name":"hexo","hostname":"lideMacBook-Pro.local","pid":13960,"level":20,"msg":"Rendering archive: \u001b[35marchives/page/5/index.html\u001b[39m","time":"2020-09-16T01:36:47.998Z","v":0}
{"name":"hexo","hostname":"lideMacBook-Pro.local","pid":13960,"level":20,"msg":"Rendering archive: \u001b[35marchives/page/7/index.html\u001b[39m","time":"2020-09-16T01:36:48.010Z","v":0}
{"name":"hexo","hostname":"lideMacBook-Pro.local","pid":13960,"level":20,"msg":"Rendering archive: \u001b[35marchives/page/8/index.html\u001b[39m","time":"2020-09-16T01:36:48.023Z","v":0}
{"name":"hexo","hostname":"lideMacBook-Pro.local","pid":13960,"level":20,"msg":"Rendering archive: \u001b[35marchives/page/9/index.html\u001b[39m","time":"2020-09-16T01:36:48.035Z","v":0}
{"name":"hexo","hostname":"lideMacBook-Pro.local","pid":13960,"level":20,"msg":"Rendering archive: \u001b[35marchives/page/10/index.html\u001b[39m","time":"2020-09-16T01:36:48.048Z","v":0}
{"name":"hexo","hostname":"lideMacBook-Pro.local","pid":13960,"level":20,"msg":"Rendering archive: \u001b[35marchives/page/11/index.html\u001b[39m","time":"2020-09-16T01:36:48.060Z","v":0}
{"name":"hexo","hostname":"lideMacBook-Pro.local","pid":13960,"level":20,"msg":"Rendering archive: \u001b[35marchives/page/12/index.html\u001b[39m","time":"2020-09-16T01:36:48.071Z","v":0}
{"name":"hexo","hostname":"lideMacBook-Pro.local","pid":13960,"level":20,"msg":"Rendering archive: \u001b[35marchives/page/13/index.html\u001b[39m","time":"2020-09-16T01:36:48.084Z","v":0}
{"name":"hexo","hostname":"lideMacBook-Pro.local","pid":13960,"level":20,"msg":"Rendering archive: \u001b[35marchives/page/14/index.html\u001b[39m","time":"2020-09-16T01:36:48.098Z","v":0}
{"name":"hexo","hostname":"lideMacBook-Pro.local","pid":13960,"level":20,"msg":"Rendering archive: \u001b[35marchives/page/15/index.html\u001b[39m","time":"2020-09-16T01:36:48.110Z","v":0}
{"name":"hexo","hostname":"lideMacBook-Pro.local","pid":13960,"level":20,"msg":"Rendering archive: \u001b[35marchives/2015/index.html\u001b[39m","time":"2020-09-16T01:36:48.119Z","v":0}
{"name":"hexo","hostname":"lideMacBook-Pro.local","pid":13960,"level":20,"msg":"Rendering archive: \u001b[35marchives/2015/10/index.html\u001b[39m","time":"2020-09-16T01:36:48.129Z","v":0}
{"name":"hexo","hostname":"lideMacBook-Pro.local","pid":13960,"level":20,"msg":"Rendering archive: \u001b[35marchives/2015/11/index.html\u001b[39m","time":"2020-09-16T01:36:48.133Z","v":0}
{"name":"hexo","hostname":"lideMacBook-Pro.local","pid":13960,"level":20,"msg":"Rendering archive: \u001b[35marchives/2015/12/index.html\u001b[39m","time":"2020-09-16T01:36:48.138Z","v":0}
{"name":"hexo","hostname":"lideMacBook-Pro.local","pid":13960,"level":20,"msg":"Rendering archive: \u001b[35marchives/2016/index.html\u001b[39m","time":"2020-09-16T01:36:48.141Z","v":0}
{"name":"hexo","hostname":"lideMacBook-Pro.local","pid":13960,"level":20,"msg":"Rendering archive: \u001b[35marchives/2016/page/2/index.html\u001b[39m","time":"2020-09-16T01:36:48.154Z","v":0}
{"name":"hexo","hostname":"lideMacBook-Pro.local","pid":13960,"level":20,"msg":"Rendering archive: \u001b[35marchives/2016/page/3/index.html\u001b[39m","time":"2020-09-16T01:36:48.167Z","v":0}
{"name":"hexo","hostname":"lideMacBook-Pro.local","pid":13960,"level":20,"msg":"Rendering archive: \u001b[35marchives/2016/page/4/index.html\u001b[39m","time":"2020-09-16T01:36:48.179Z","v":0}
{"name":"hexo","hostname":"lideMacBook-Pro.local","pid":13960,"level":20,"msg":"Rendering archive: \u001b[35marchives/2016/page/5/index.html\u001b[39m","time":"2020-09-16T01:36:48.193Z","v":0}
{"name":"hexo","hostname":"lideMacBook-Pro.local","pid":13960,"level":20,"msg":"Rendering archive: \u001b[35marchives/2016/01/index.html\u001b[39m","time":"2020-09-16T01:36:48.206Z","v":0}
{"name":"hexo","hostname":"lideMacBook-Pro.local","pid":13960,"level":20,"msg":"Rendering archive: \u001b[35marchives/2016/02/index.html\u001b[39m","time":"2020-09-16T01:36:48.212Z","v":0}
{"name":"hexo","hostname":"lideMacBook-Pro.local","pid":13960,"level":20,"msg":"Rendering archive: \u001b[35marchives/2016/03/index.html\u001b[39m","time":"2020-09-16T01:36:48.216Z","v":0}
{"name":"hexo","hostname":"lideMacBook-Pro.local","pid":13960,"level":20,"msg":"Rendering archive: \u001b[35marchives/2016/04/index.html\u001b[39m","time":"2020-09-16T01:36:48.224Z","v":0}
{"name":"hexo","hostname":"lideMacBook-Pro.local","pid":13960,"level":20,"msg":"Rendering archive: \u001b[35marchives/2016/05/index.html\u001b[39m","time":"2020-09-16T01:36:48.232Z","v":0}
{"name":"hexo","hostname":"lideMacBook-Pro.local","pid":13960,"level":20,"msg":"Rendering archive: \u001b[35marchives/2016/06/index.html\u001b[39m","time":"2020-09-16T01:36:48.236Z","v":0}
{"name":"hexo","hostname":"lideMacBook-Pro.local","pid":13960,"level":20,"msg":"Rendering archive: \u001b[35marchives/2016/07/index.html\u001b[39m","time":"2020-09-16T01:36:48.241Z","v":0}
{"name":"hexo","hostname":"lideMacBook-Pro.local","pid":13960,"level":20,"msg":"Rendering archive: \u001b[35marchives/2016/08/index.html\u001b[39m","time":"2020-09-16T01:36:48.247Z","v":0}
{"name":"hexo","hostname":"lideMacBook-Pro.local","pid":13960,"level":20,"msg":"Rendering archive: \u001b[35marchives/2016/09/index.html\u001b[39m","time":"2020-09-16T01:36:48.251Z","v":0}
{"name":"hexo","hostname":"lideMacBook-Pro.local","pid":13960,"level":20,"msg":"Rendering archive: \u001b[35marchives/2016/10/index.html\u001b[39m","time":"2020-09-16T01:36:48.254Z","v":0}
{"name":"hexo","hostname":"lideMacBook-Pro.local","pid":13960,"level":20,"msg":"Rendering archive: \u001b[35marchives/2016/11/index.html\u001b[39m","time":"2020-09-16T01:36:48.262Z","v":0}
{"name":"hexo","hostname":"lideMacBook-Pro.local","pid":13960,"level":20,"msg":"Rendering archive: \u001b[35marchives/2016/12/index.html\u001b[39m","time":"2020-09-16T01:36:48.268Z","v":0}
{"name":"hexo","hostname":"lideMacBook-Pro.local","pid":13960,"level":20,"msg":"Rendering archive: \u001b[35marchives/2017/index.html\u001b[39m","time":"2020-09-16T01:36:48.272Z","v":0}
{"name":"hexo","hostname":"lideMacBook-Pro.local","pid":13960,"level":20,"msg":"Rendering archive: \u001b[35marchives/2017/page/2/index.html\u001b[39m","time":"2020-09-16T01:36:48.283Z","v":0}
{"name":"hexo","hostname":"lideMacBook-Pro.local","pid":13960,"level":20,"msg":"Rendering archive: \u001b[35marchives/2017/page/3/index.html\u001b[39m","time":"2020-09-16T01:36:48.294Z","v":0}
{"name":"hexo","hostname":"lideMacBook-Pro.local","pid":13960,"level":20,"msg":"Rendering archive: \u001b[35marchives/2017/01/index.html\u001b[39m","time":"2020-09-16T01:36:48.306Z","v":0}
{"name":"hexo","hostname":"lideMacBook-Pro.local","pid":13960,"level":20,"msg":"Rendering archive: \u001b[35marchives/2017/02/index.html\u001b[39m","time":"2020-09-16T01:36:48.308Z","v":0}
{"name":"hexo","hostname":"lideMacBook-Pro.local","pid":13960,"level":20,"msg":"Rendering archive: \u001b[35marchives/2017/03/index.html\u001b[39m","time":"2020-09-16T01:36:48.311Z","v":0}
{"name":"hexo","hostname":"lideMacBook-Pro.local","pid":13960,"level":20,"msg":"Rendering archive: \u001b[35marchives/2017/04/index.html\u001b[39m","time":"2020-09-16T01:36:48.313Z","v":0}
{"name":"hexo","hostname":"lideMacBook-Pro.local","pid":13960,"level":20,"msg":"Rendering archive: \u001b[35marchives/2017/05/index.html\u001b[39m","time":"2020-09-16T01:36:48.317Z","v":0}
{"name":"hexo","hostname":"lideMacBook-Pro.local","pid":13960,"level":20,"msg":"Rendering archive: \u001b[35marchives/2017/06/index.html\u001b[39m","time":"2020-09-16T01:36:48.320Z","v":0}
{"name":"hexo","hostname":"lideMacBook-Pro.local","pid":13960,"level":20,"msg":"Rendering archive: \u001b[35marchives/2017/07/index.html\u001b[39m","time":"2020-09-16T01:36:48.324Z","v":0}
{"name":"hexo","hostname":"lideMacBook-Pro.local","pid":13960,"level":20,"msg":"Rendering archive: \u001b[35marchives/2017/08/index.html\u001b[39m","time":"2020-09-16T01:36:48.327Z","v":0}
{"name":"hexo","hostname":"lideMacBook-Pro.local","pid":13960,"level":20,"msg":"Rendering archive: \u001b[35marchives/2017/09/index.html\u001b[39m","time":"2020-09-16T01:36:48.331Z","v":0}
{"name":"hexo","hostname":"lideMacBook-Pro.local","pid":13960,"level":20,"msg":"Rendering archive: \u001b[35marchives/2017/10/index.html\u001b[39m","time":"2020-09-16T01:36:48.334Z","v":0}
{"name":"hexo","hostname":"lideMacBook-Pro.local","pid":13960,"level":20,"msg":"Rendering archive: \u001b[35marchives/2017/11/index.html\u001b[39m","time":"2020-09-16T01:36:48.337Z","v":0}
{"name":"hexo","hostname":"lideMacBook-Pro.local","pid":13960,"level":20,"msg":"Rendering archive: \u001b[35marchives/2017/12/index.html\u001b[39m","time":"2020-09-16T01:36:48.341Z","v":0}
{"name":"hexo","hostname":"lideMacBook-Pro.local","pid":13960,"level":20,"msg":"Rendering archive: \u001b[35marchives/2018/index.html\u001b[39m","time":"2020-09-16T01:36:48.347Z","v":0}
{"name":"hexo","hostname":"lideMacBook-Pro.local","pid":13960,"level":20,"msg":"Rendering archive: \u001b[35marchives/2018/page/2/index.html\u001b[39m","time":"2020-09-16T01:36:48.360Z","v":0}
{"name":"hexo","hostname":"lideMacBook-Pro.local","pid":13960,"level":20,"msg":"Rendering archive: \u001b[35marchives/2018/page/3/index.html\u001b[39m","time":"2020-09-16T01:36:48.372Z","v":0}
{"name":"hexo","hostname":"lideMacBook-Pro.local","pid":13960,"level":20,"msg":"Rendering archive: \u001b[35marchives/2018/01/index.html\u001b[39m","time":"2020-09-16T01:36:48.379Z","v":0}
{"name":"hexo","hostname":"lideMacBook-Pro.local","pid":13960,"level":20,"msg":"Rendering archive: \u001b[35marchives/2018/03/index.html\u001b[39m","time":"2020-09-16T01:36:48.384Z","v":0}
{"name":"hexo","hostname":"lideMacBook-Pro.local","pid":13960,"level":20,"msg":"Rendering archive: \u001b[35marchives/2018/04/index.html\u001b[39m","time":"2020-09-16T01:36:48.389Z","v":0}
{"name":"hexo","hostname":"lideMacBook-Pro.local","pid":13960,"level":20,"msg":"Rendering archive: \u001b[35marchives/2018/05/index.html\u001b[39m","time":"2020-09-16T01:36:48.391Z","v":0}
{"name":"hexo","hostname":"lideMacBook-Pro.local","pid":13960,"level":20,"msg":"Rendering archive: \u001b[35marchives/2018/06/index.html\u001b[39m","time":"2020-09-16T01:36:48.396Z","v":0}
{"name":"hexo","hostname":"lideMacBook-Pro.local","pid":13960,"level":20,"msg":"Rendering archive: \u001b[35marchives/2018/07/index.html\u001b[39m","time":"2020-09-16T01:36:48.398Z","v":0}
{"name":"hexo","hostname":"lideMacBook-Pro.local","pid":13960,"level":20,"msg":"Rendering archive: \u001b[35marchives/2018/08/index.html\u001b[39m","time":"2020-09-16T01:36:48.402Z","v":0}
{"name":"hexo","hostname":"lideMacBook-Pro.local","pid":13960,"level":20,"msg":"Rendering archive: \u001b[35marchives/2018/09/index.html\u001b[39m","time":"2020-09-16T01:36:48.405Z","v":0}
{"name":"hexo","hostname":"lideMacBook-Pro.local","pid":13960,"level":20,"msg":"Rendering archive: \u001b[35marchives/2018/10/index.html\u001b[39m","time":"2020-09-16T01:36:48.407Z","v":0}
{"name":"hexo","hostname":"lideMacBook-Pro.local","pid":13960,"level":20,"msg":"Rendering archive: \u001b[35marchives/2018/11/index.html\u001b[39m","time":"2020-09-16T01:36:48.411Z","v":0}
{"name":"hexo","hostname":"lideMacBook-Pro.local","pid":13960,"level":20,"msg":"Rendering archive: \u001b[35marchives/2018/12/index.html\u001b[39m","time":"2020-09-16T01:36:48.413Z","v":0}
{"name":"hexo","hostname":"lideMacBook-Pro.local","pid":13960,"level":20,"msg":"Rendering archive: \u001b[35marchives/2019/index.html\u001b[39m","time":"2020-09-16T01:36:48.417Z","v":0}
{"name":"hexo","hostname":"lideMacBook-Pro.local","pid":13960,"level":20,"msg":"Rendering archive: \u001b[35marchives/2019/page/2/index.html\u001b[39m","time":"2020-09-16T01:36:48.428Z","v":0}
{"name":"hexo","hostname":"lideMacBook-Pro.local","pid":13960,"level":20,"msg":"Rendering archive: \u001b[35marchives/2019/page/3/index.html\u001b[39m","time":"2020-09-16T01:36:48.439Z","v":0}
{"name":"hexo","hostname":"lideMacBook-Pro.local","pid":13960,"level":20,"msg":"Rendering archive: \u001b[35marchives/2019/01/index.html\u001b[39m","time":"2020-09-16T01:36:48.448Z","v":0}
{"name":"hexo","hostname":"lideMacBook-Pro.local","pid":13960,"level":20,"msg":"Rendering archive: \u001b[35marchives/2019/02/index.html\u001b[39m","time":"2020-09-16T01:36:48.450Z","v":0}
{"name":"hexo","hostname":"lideMacBook-Pro.local","pid":13960,"level":20,"msg":"Rendering archive: \u001b[35marchives/2019/03/index.html\u001b[39m","time":"2020-09-16T01:36:48.453Z","v":0}
{"name":"hexo","hostname":"lideMacBook-Pro.local","pid":13960,"level":20,"msg":"Rendering archive: \u001b[35marchives/2019/04/index.html\u001b[39m","time":"2020-09-16T01:36:48.456Z","v":0}
{"name":"hexo","hostname":"lideMacBook-Pro.local","pid":13960,"level":20,"msg":"Rendering archive: \u001b[35marchives/2019/05/index.html\u001b[39m","time":"2020-09-16T01:36:48.460Z","v":0}
{"name":"hexo","hostname":"lideMacBook-Pro.local","pid":13960,"level":20,"msg":"Rendering archive: \u001b[35marchives/2019/06/index.html\u001b[39m","time":"2020-09-16T01:36:48.464Z","v":0}
{"name":"hexo","hostname":"lideMacBook-Pro.local","pid":13960,"level":20,"msg":"Rendering archive: \u001b[35marchives/2019/07/index.html\u001b[39m","time":"2020-09-16T01:36:48.467Z","v":0}
{"name":"hexo","hostname":"lideMacBook-Pro.local","pid":13960,"level":20,"msg":"Rendering archive: \u001b[35marchives/2019/08/index.html\u001b[39m","time":"2020-09-16T01:36:48.469Z","v":0}
{"name":"hexo","hostname":"lideMacBook-Pro.local","pid":13960,"level":20,"msg":"Rendering archive: \u001b[35marchives/2019/09/index.html\u001b[39m","time":"2020-09-16T01:36:48.472Z","v":0}
{"name":"hexo","hostname":"lideMacBook-Pro.local","pid":13960,"level":20,"msg":"Rendering archive: \u001b[35marchives/2019/10/index.html\u001b[39m","time":"2020-09-16T01:36:48.477Z","v":0}
{"name":"hexo","hostname":"lideMacBook-Pro.local","pid":13960,"level":20,"msg":"Rendering archive: \u001b[35marchives/2019/11/index.html\u001b[39m","time":"2020-09-16T01:36:48.479Z","v":0}
{"name":"hexo","hostname":"lideMacBook-Pro.local","pid":13960,"level":20,"msg":"Rendering archive: \u001b[35marchives/2019/12/index.html\u001b[39m","time":"2020-09-16T01:36:48.480Z","v":0}
{"name":"hexo","hostname":"lideMacBook-Pro.local","pid":13960,"level":20,"msg":"Rendering archive: \u001b[35marchives/2020/index.html\u001b[39m","time":"2020-09-16T01:36:48.485Z","v":0}
{"name":"hexo","hostname":"lideMacBook-Pro.local","pid":13960,"level":20,"msg":"Rendering archive: \u001b[35marchives/2020/01/index.html\u001b[39m","time":"2020-09-16T01:36:48.492Z","v":0}
{"name":"hexo","hostname":"lideMacBook-Pro.local","pid":13960,"level":20,"msg":"Rendering archive: \u001b[35marchives/2020/05/index.html\u001b[39m","time":"2020-09-16T01:36:48.495Z","v":0}
{"name":"hexo","hostname":"lideMacBook-Pro.local","pid":13960,"level":20,"msg":"Rendering archive: \u001b[35marchives/2020/07/index.html\u001b[39m","time":"2020-09-16T01:36:48.497Z","v":0}
{"name":"hexo","hostname":"lideMacBook-Pro.local","pid":13960,"level":20,"msg":"Rendering archive: \u001b[35marchives/2020/09/index.html\u001b[39m","time":"2020-09-16T01:36:48.500Z","v":0}
{"name":"hexo","hostname":"lideMacBook-Pro.local","pid":13960,"level":20,"msg":"Rendering index: \u001b[35mindex.html\u001b[39m","time":"2020-09-16T01:36:48.501Z","v":0}
{"name":"hexo","hostname":"lideMacBook-Pro.local","pid":13960,"level":20,"msg":"Rendering index: \u001b[35mpage/2/index.html\u001b[39m","time":"2020-09-16T01:36:48.514Z","v":0}
{"name":"hexo","hostname":"lideMacBook-Pro.local","pid":13960,"level":20,"msg":"Rendering index: \u001b[35mpage/3/index.html\u001b[39m","time":"2020-09-16T01:36:48.526Z","v":0}
{"name":"hexo","hostname":"lideMacBook-Pro.local","pid":13960,"level":20,"msg":"Rendering index: \u001b[35mpage/4/index.html\u001b[39m","time":"2020-09-16T01:36:48.538Z","v":0}
{"name":"hexo","hostname":"lideMacBook-Pro.local","pid":13960,"level":20,"msg":"Rendering index: \u001b[35mpage/5/index.html\u001b[39m","time":"2020-09-16T01:36:48.550Z","v":0}
{"name":"hexo","hostname":"lideMacBook-Pro.local","pid":13960,"level":20,"msg":"Rendering index: \u001b[35mpage/6/index.html\u001b[39m","time":"2020-09-16T01:36:48.564Z","v":0}
{"name":"hexo","hostname":"lideMacBook-Pro.local","pid":13960,"level":20,"msg":"Rendering index: \u001b[35mpage/7/index.html\u001b[39m","time":"2020-09-16T01:36:48.577Z","v":0}
{"name":"hexo","hostname":"lideMacBook-Pro.local","pid":13960,"level":20,"msg":"Rendering index: \u001b[35mpage/8/index.html\u001b[39m","time":"2020-09-16T01:36:48.590Z","v":0}
{"name":"hexo","hostname":"lideMacBook-Pro.local","pid":13960,"level":20,"msg":"Rendering index: \u001b[35mpage/9/index.html\u001b[39m","time":"2020-09-16T01:36:48.601Z","v":0}
{"name":"hexo","hostname":"lideMacBook-Pro.local","pid":13960,"level":20,"msg":"Rendering index: \u001b[35mpage/10/index.html\u001b[39m","time":"2020-09-16T01:36:48.614Z","v":0}
{"name":"hexo","hostname":"lideMacBook-Pro.local","pid":13960,"level":20,"msg":"Rendering index: \u001b[35mpage/11/index.html\u001b[39m","time":"2020-09-16T01:36:48.626Z","v":0}
{"name":"hexo","hostname":"lideMacBook-Pro.local","pid":13960,"level":20,"msg":"Rendering index: \u001b[35mpage/12/index.html\u001b[39m","time":"2020-09-16T01:36:48.639Z","v":0}
{"name":"hexo","hostname":"lideMacBook-Pro.local","pid":13960,"level":20,"msg":"Rendering index: \u001b[35mpage/13/index.html\u001b[39m","time":"2020-09-16T01:36:48.651Z","v":0}
{"name":"hexo","hostname":"lideMacBook-Pro.local","pid":13960,"level":20,"msg":"Rendering index: \u001b[35mpage/14/index.html\u001b[39m","time":"2020-09-16T01:36:48.664Z","v":0}
{"name":"hexo","hostname":"lideMacBook-Pro.local","pid":13960,"level":20,"msg":"Rendering index: \u001b[35mpage/15/index.html\u001b[39m","time":"2020-09-16T01:36:48.677Z","v":0}
{"name":"hexo","hostname":"lideMacBook-Pro.local","pid":13960,"level":20,"msg":"Rendering tag: \u001b[35mtags/iOS/index.html\u001b[39m","time":"2020-09-16T01:36:48.687Z","v":0}
{"name":"hexo","hostname":"lideMacBook-Pro.local","pid":13960,"level":20,"msg":"Rendering tag: \u001b[35mtags//index.html\u001b[39m","time":"2020-09-16T01:36:48.692Z","v":0}
{"name":"hexo","hostname":"lideMacBook-Pro.local","pid":13960,"level":20,"msg":"Rendering tag: \u001b[35mtags//page/2/index.html\u001b[39m","time":"2020-09-16T01:36:48.705Z","v":0}
{"name":"hexo","hostname":"lideMacBook-Pro.local","pid":13960,"level":20,"msg":"Rendering tag: \u001b[35mtags//page/3/index.html\u001b[39m","time":"2020-09-16T01:36:48.719Z","v":0}
{"name":"hexo","hostname":"lideMacBook-Pro.local","pid":13960,"level":20,"msg":"Rendering tag: \u001b[35mtags//page/4/index.html\u001b[39m","time":"2020-09-16T01:36:48.732Z","v":0}
{"name":"hexo","hostname":"lideMacBook-Pro.local","pid":13960,"level":20,"msg":"Rendering tag: \u001b[35mtags//page/5/index.html\u001b[39m","time":"2020-09-16T01:36:48.746Z","v":0}
{"name":"hexo","hostname":"lideMacBook-Pro.local","pid":13960,"level":20,"msg":"Rendering tag: \u001b[35mtags//page/6/index.html\u001b[39m","time":"2020-09-16T01:36:48.758Z","v":0}
{"name":"hexo","hostname":"lideMacBook-Pro.local","pid":13960,"level":20,"msg":"Rendering tag: \u001b[35mtags/blog/index.html\u001b[39m","time":"2020-09-16T01:36:48.770Z","v":0}
{"name":"hexo","hostname":"lideMacBook-Pro.local","pid":13960,"level":20,"msg":"Rendering tag: \u001b[35mtags/sdk/index.html\u001b[39m","time":"2020-09-16T01:36:48.781Z","v":0}
{"name":"hexo","hostname":"lideMacBook-Pro.local","pid":13960,"level":20,"msg":"Rendering tag: \u001b[35mtags/code/index.html\u001b[39m","time":"2020-09-16T01:36:48.793Z","v":0}
{"name":"hexo","hostname":"lideMacBook-Pro.local","pid":13960,"level":20,"msg":"Rendering tag: \u001b[35mtags/cat/index.html\u001b[39m","time":"2020-09-16T01:36:48.796Z","v":0}
{"name":"hexo","hostname":"lideMacBook-Pro.local","pid":13960,"level":20,"msg":"Rendering tag: \u001b[35mtags//index.html\u001b[39m","time":"2020-09-16T01:36:48.800Z","v":0}
{"name":"hexo","hostname":"lideMacBook-Pro.local","pid":13960,"level":20,"msg":"Rendering tag: \u001b[35mtags/java/index.html\u001b[39m","time":"2020-09-16T01:36:48.804Z","v":0}
{"name":"hexo","hostname":"lideMacBook-Pro.local","pid":13960,"level":20,"msg":"Rendering tag: \u001b[35mtags/Material-Design/index.html\u001b[39m","time":"2020-09-16T01:36:48.813Z","v":0}
{"name":"hexo","hostname":"lideMacBook-Pro.local","pid":13960,"level":20,"msg":"Rendering tag: \u001b[35mtags//index.html\u001b[39m","time":"2020-09-16T01:36:48.816Z","v":0}
{"name":"hexo","hostname":"lideMacBook-Pro.local","pid":13960,"level":20,"msg":"Rendering tag: \u001b[35mtags/View/index.html\u001b[39m","time":"2020-09-16T01:36:48.824Z","v":0}
{"name":"hexo","hostname":"lideMacBook-Pro.local","pid":13960,"level":20,"msg":"Rendering tag: \u001b[35mtags//index.html\u001b[39m","time":"2020-09-16T01:36:48.833Z","v":0}
{"name":"hexo","hostname":"lideMacBook-Pro.local","pid":13960,"level":20,"msg":"Rendering tag: \u001b[35mtags//index.html\u001b[39m","time":"2020-09-16T01:36:48.843Z","v":0}
{"name":"hexo","hostname":"lideMacBook-Pro.local","pid":13960,"level":20,"msg":"Rendering tag: \u001b[35mtags/android-studio/index.html\u001b[39m","time":"2020-09-16T01:36:48.845Z","v":0}
{"name":"hexo","hostname":"lideMacBook-Pro.local","pid":13960,"level":20,"msg":"Rendering tag: \u001b[35mtags/gradle/index.html\u001b[39m","time":"2020-09-16T01:36:48.849Z","v":0}
{"name":"hexo","hostname":"lideMacBook-Pro.local","pid":13960,"level":20,"msg":"Rendering tag: \u001b[35mtags/hybrid/index.html\u001b[39m","time":"2020-09-16T01:36:48.853Z","v":0}
{"name":"hexo","hostname":"lideMacBook-Pro.local","pid":13960,"level":20,"msg":"Rendering tag: \u001b[35mtags/Jetpack/index.html\u001b[39m","time":"2020-09-16T01:36:48.858Z","v":0}
{"name":"hexo","hostname":"lideMacBook-Pro.local","pid":13960,"level":20,"msg":"Rendering tag: \u001b[35mtags/Kotlin/index.html\u001b[39m","time":"2020-09-16T01:36:48.860Z","v":0}
{"name":"hexo","hostname":"lideMacBook-Pro.local","pid":13960,"level":20,"msg":"Rendering tag: \u001b[35mtags/JetPack/index.html\u001b[39m","time":"2020-09-16T01:36:48.866Z","v":0}
{"name":"hexo","hostname":"lideMacBook-Pro.local","pid":13960,"level":20,"msg":"Rendering tag: \u001b[35mtags//index.html\u001b[39m","time":"2020-09-16T01:36:48.868Z","v":0}
{"name":"hexo","hostname":"lideMacBook-Pro.local","pid":13960,"level":20,"msg":"Rendering tag: \u001b[35mtags//index.html\u001b[39m","time":"2020-09-16T01:36:48.873Z","v":0}
{"name":"hexo","hostname":"lideMacBook-Pro.local","pid":13960,"level":20,"msg":"Rendering tag: \u001b[35mtags/python/index.html\u001b[39m","time":"2020-09-16T01:36:48.874Z","v":0}
{"name":"hexo","hostname":"lideMacBook-Pro.local","pid":13960,"level":20,"msg":"Rendering tag: \u001b[35mtags//index.html\u001b[39m","time":"2020-09-16T01:36:48.876Z","v":0}
{"name":"hexo","hostname":"lideMacBook-Pro.local","pid":13960,"level":20,"msg":"Rendering tag: \u001b[35mtags/linux/index.html\u001b[39m","time":"2020-09-16T01:36:48.879Z","v":0}
{"name":"hexo","hostname":"lideMacBook-Pro.local","pid":13960,"level":30,"msg":"0 files generated in \u001b[36m3.2 s\u001b[39m","time":"2020-09-16T01:36:50.755Z","v":0}
{"name":"hexo","hostname":"lideMacBook-Pro.local","pid":13960,"level":20,"msg":"Database saved","time":"2020-09-16T01:36:50.857Z","v":0}
